[1.138s] Invoking command in '/home/rokey/3_ws/src/order_listener': PYTHONPATH=/home/rokey/3_ws/src/build/order_listener/prefix_override:/usr/lib/python3/dist-packages/colcon_core/task/python/colcon_distutils_commands:/home/rokey/3_ws/src/install/order_listener/lib/python3.10/site-packages:${PYTHONPATH} /usr/bin/python3 -W ignore:setup.py install is deprecated setup.py egg_info --egg-base ../build/order_listener build --build-base /home/rokey/3_ws/src/build/order_listener/build install --record /home/rokey/3_ws/src/build/order_listener/install.log --single-version-externally-managed install_data
[1.414s] running egg_info
[1.415s] creating ../build/order_listener/order_listener.egg-info
[1.415s] writing ../build/order_listener/order_listener.egg-info/PKG-INFO
[1.416s] writing dependency_links to ../build/order_listener/order_listener.egg-info/dependency_links.txt
[1.417s] writing entry points to ../build/order_listener/order_listener.egg-info/entry_points.txt
[1.417s] writing requirements to ../build/order_listener/order_listener.egg-info/requires.txt
[1.417s] writing top-level names to ../build/order_listener/order_listener.egg-info/top_level.txt
[1.417s] writing manifest file '../build/order_listener/order_listener.egg-info/SOURCES.txt'
[1.419s] reading manifest file '../build/order_listener/order_listener.egg-info/SOURCES.txt'
[1.421s] writing manifest file '../build/order_listener/order_listener.egg-info/SOURCES.txt'
[1.421s] running build
[1.421s] running build_py
[1.421s] creating /home/rokey/3_ws/src/build/order_listener/build
[1.421s] creating /home/rokey/3_ws/src/build/order_listener/build/lib
[1.421s] creating /home/rokey/3_ws/src/build/order_listener/build/lib/order_listener
[1.421s] copying order_listener/order_listener_node.py -> /home/rokey/3_ws/src/build/order_listener/build/lib/order_listener
[1.421s] copying order_listener/__init__.py -> /home/rokey/3_ws/src/build/order_listener/build/lib/order_listener
[1.421s] running install
[1.422s] running install_lib
[1.422s] creating /home/rokey/3_ws/src/install/order_listener/lib/python3.10/site-packages/order_listener
[1.423s] copying /home/rokey/3_ws/src/build/order_listener/build/lib/order_listener/order_listener_node.py -> /home/rokey/3_ws/src/install/order_listener/lib/python3.10/site-packages/order_listener
[1.423s] copying /home/rokey/3_ws/src/build/order_listener/build/lib/order_listener/__init__.py -> /home/rokey/3_ws/src/install/order_listener/lib/python3.10/site-packages/order_listener
[1.423s] byte-compiling /home/rokey/3_ws/src/install/order_listener/lib/python3.10/site-packages/order_listener/order_listener_node.py to order_listener_node.cpython-310.pyc
[1.423s] byte-compiling /home/rokey/3_ws/src/install/order_listener/lib/python3.10/site-packages/order_listener/__init__.py to __init__.cpython-310.pyc
[1.423s] running install_data
[1.423s] creating /home/rokey/3_ws/src/install/order_listener/share/ament_index
[1.424s] creating /home/rokey/3_ws/src/install/order_listener/share/ament_index/resource_index
[1.424s] creating /home/rokey/3_ws/src/install/order_listener/share/ament_index/resource_index/packages
[1.424s] copying resource/order_listener -> /home/rokey/3_ws/src/install/order_listener/share/ament_index/resource_index/packages
[1.424s] copying package.xml -> /home/rokey/3_ws/src/install/order_listener/share/order_listener
[1.424s] running install_egg_info
[1.425s] Copying ../build/order_listener/order_listener.egg-info to /home/rokey/3_ws/src/install/order_listener/lib/python3.10/site-packages/order_listener-0.0.0-py3.10.egg-info
[1.426s] running install_scripts
[1.448s] Installing order_listener script to /home/rokey/3_ws/src/install/order_listener/lib/order_listener
[1.448s] writing list of installed files to '/home/rokey/3_ws/src/build/order_listener/install.log'
[1.507s] Invoked command in '/home/rokey/3_ws/src/order_listener' returned '0': PYTHONPATH=/home/rokey/3_ws/src/build/order_listener/prefix_override:/usr/lib/python3/dist-packages/colcon_core/task/python/colcon_distutils_commands:/home/rokey/3_ws/src/install/order_listener/lib/python3.10/site-packages:${PYTHONPATH} /usr/bin/python3 -W ignore:setup.py install is deprecated setup.py egg_info --egg-base ../build/order_listener build --build-base /home/rokey/3_ws/src/build/order_listener/build install --record /home/rokey/3_ws/src/build/order_listener/install.log --single-version-externally-managed install_data
