running egg_info
creating ../build/order_listener/order_listener.egg-info
writing ../build/order_listener/order_listener.egg-info/PKG-INFO
writing dependency_links to ../build/order_listener/order_listener.egg-info/dependency_links.txt
writing entry points to ../build/order_listener/order_listener.egg-info/entry_points.txt
writing requirements to ../build/order_listener/order_listener.egg-info/requires.txt
writing top-level names to ../build/order_listener/order_listener.egg-info/top_level.txt
writing manifest file '../build/order_listener/order_listener.egg-info/SOURCES.txt'
reading manifest file '../build/order_listener/order_listener.egg-info/SOURCES.txt'
writing manifest file '../build/order_listener/order_listener.egg-info/SOURCES.txt'
running build
running build_py
creating /home/rokey/3_ws/src/build/order_listener/build
creating /home/rokey/3_ws/src/build/order_listener/build/lib
creating /home/rokey/3_ws/src/build/order_listener/build/lib/order_listener
copying order_listener/order_listener_node.py -> /home/rokey/3_ws/src/build/order_listener/build/lib/order_listener
copying order_listener/__init__.py -> /home/rokey/3_ws/src/build/order_listener/build/lib/order_listener
running install
running install_lib
creating /home/rokey/3_ws/src/install/order_listener/lib/python3.10/site-packages/order_listener
copying /home/rokey/3_ws/src/build/order_listener/build/lib/order_listener/order_listener_node.py -> /home/rokey/3_ws/src/install/order_listener/lib/python3.10/site-packages/order_listener
copying /home/rokey/3_ws/src/build/order_listener/build/lib/order_listener/__init__.py -> /home/rokey/3_ws/src/install/order_listener/lib/python3.10/site-packages/order_listener
byte-compiling /home/rokey/3_ws/src/install/order_listener/lib/python3.10/site-packages/order_listener/order_listener_node.py to order_listener_node.cpython-310.pyc
byte-compiling /home/rokey/3_ws/src/install/order_listener/lib/python3.10/site-packages/order_listener/__init__.py to __init__.cpython-310.pyc
running install_data
creating /home/rokey/3_ws/src/install/order_listener/share/ament_index
creating /home/rokey/3_ws/src/install/order_listener/share/ament_index/resource_index
creating /home/rokey/3_ws/src/install/order_listener/share/ament_index/resource_index/packages
copying resource/order_listener -> /home/rokey/3_ws/src/install/order_listener/share/ament_index/resource_index/packages
copying package.xml -> /home/rokey/3_ws/src/install/order_listener/share/order_listener
running install_egg_info
Copying ../build/order_listener/order_listener.egg-info to /home/rokey/3_ws/src/install/order_listener/lib/python3.10/site-packages/order_listener-0.0.0-py3.10.egg-info
running install_scripts
Installing order_listener script to /home/rokey/3_ws/src/install/order_listener/lib/order_listener
writing list of installed files to '/home/rokey/3_ws/src/build/order_listener/install.log'
