[1.966s] Invoking command in '/home/rokey/3_ws/src/order_listener': PYTHONPATH=/home/rokey/3_ws/src/build/order_listener/prefix_override:/usr/lib/python3/dist-packages/colcon_core/task/python/colcon_distutils_commands:/home/rokey/3_ws/src/install/order_listener/lib/python3.10/site-packages:${PYTHONPATH} /usr/bin/python3 -W ignore:setup.py install is deprecated setup.py egg_info --egg-base ../build/order_listener build --build-base /home/rokey/3_ws/src/build/order_listener/build install --record /home/rokey/3_ws/src/build/order_listener/install.log --single-version-externally-managed install_data
[2.309s] running egg_info
[2.310s] creating ../build/order_listener/order_listener.egg-info
[2.310s] writing ../build/order_listener/order_listener.egg-info/PKG-INFO
[2.311s] writing dependency_links to ../build/order_listener/order_listener.egg-info/dependency_links.txt
[2.311s] writing entry points to ../build/order_listener/order_listener.egg-info/entry_points.txt
[2.311s] writing requirements to ../build/order_listener/order_listener.egg-info/requires.txt
[2.311s] writing top-level names to ../build/order_listener/order_listener.egg-info/top_level.txt
[2.311s] writing manifest file '../build/order_listener/order_listener.egg-info/SOURCES.txt'
[2.313s] reading manifest file '../build/order_listener/order_listener.egg-info/SOURCES.txt'
[2.314s] writing manifest file '../build/order_listener/order_listener.egg-info/SOURCES.txt'
[2.314s] running build
[2.314s] running build_py
[2.314s] creating /home/rokey/3_ws/src/build/order_listener/build
[2.314s] creating /home/rokey/3_ws/src/build/order_listener/build/lib
[2.315s] creating /home/rokey/3_ws/src/build/order_listener/build/lib/order_listener
[2.315s] copying order_listener/order_listener_node.py -> /home/rokey/3_ws/src/build/order_listener/build/lib/order_listener
[2.315s] copying order_listener/__init__.py -> /home/rokey/3_ws/src/build/order_listener/build/lib/order_listener
[2.315s] running install
[2.315s] running install_lib
[2.317s] creating /home/rokey/3_ws/src/install/order_listener/lib/python3.10/site-packages/order_listener
[2.317s] copying /home/rokey/3_ws/src/build/order_listener/build/lib/order_listener/order_listener_node.py -> /home/rokey/3_ws/src/install/order_listener/lib/python3.10/site-packages/order_listener
[2.318s] copying /home/rokey/3_ws/src/build/order_listener/build/lib/order_listener/__init__.py -> /home/rokey/3_ws/src/install/order_listener/lib/python3.10/site-packages/order_listener
[2.318s] byte-compiling /home/rokey/3_ws/src/install/order_listener/lib/python3.10/site-packages/order_listener/order_listener_node.py to order_listener_node.cpython-310.pyc
[2.318s] byte-compiling /home/rokey/3_ws/src/install/order_listener/lib/python3.10/site-packages/order_listener/__init__.py to __init__.cpython-310.pyc
[2.318s] running install_data
[2.318s] creating /home/rokey/3_ws/src/install/order_listener/share/ament_index
[2.318s] creating /home/rokey/3_ws/src/install/order_listener/share/ament_index/resource_index
[2.319s] creating /home/rokey/3_ws/src/install/order_listener/share/ament_index/resource_index/packages
[2.319s] copying resource/order_listener -> /home/rokey/3_ws/src/install/order_listener/share/ament_index/resource_index/packages
[2.319s] copying package.xml -> /home/rokey/3_ws/src/install/order_listener/share/order_listener
[2.319s] running install_egg_info
[2.322s] Copying ../build/order_listener/order_listener.egg-info to /home/rokey/3_ws/src/install/order_listener/lib/python3.10/site-packages/order_listener-0.0.0-py3.10.egg-info
[2.322s] running install_scripts
[2.344s] Installing order_listener script to /home/rokey/3_ws/src/install/order_listener/lib/order_listener
[2.344s] writing list of installed files to '/home/rokey/3_ws/src/build/order_listener/install.log'
[2.369s] Invoked command in '/home/rokey/3_ws/src/order_listener' returned '0': PYTHONPATH=/home/rokey/3_ws/src/build/order_listener/prefix_override:/usr/lib/python3/dist-packages/colcon_core/task/python/colcon_distutils_commands:/home/rokey/3_ws/src/install/order_listener/lib/python3.10/site-packages:${PYTHONPATH} /usr/bin/python3 -W ignore:setup.py install is deprecated setup.py egg_info --egg-base ../build/order_listener build --build-base /home/rokey/3_ws/src/build/order_listener/build install --record /home/rokey/3_ws/src/build/order_listener/install.log --single-version-externally-managed install_data
