running egg_info
writing ../build/pyqt_login/pyqt_login.egg-info/PKG-INFO
writing dependency_links to ../build/pyqt_login/pyqt_login.egg-info/dependency_links.txt
writing entry points to ../build/pyqt_login/pyqt_login.egg-info/entry_points.txt
writing requirements to ../build/pyqt_login/pyqt_login.egg-info/requires.txt
writing top-level names to ../build/pyqt_login/pyqt_login.egg-info/top_level.txt
reading manifest file '../build/pyqt_login/pyqt_login.egg-info/SOURCES.txt'
writing manifest file '../build/pyqt_login/pyqt_login.egg-info/SOURCES.txt'
running build
running build_py
running install
running install_lib
running install_data
running install_egg_info
removing '/home/rokey/3_ws/src/install/pyqt_login/lib/python3.10/site-packages/pyqt_login-0.0.0-py3.10.egg-info' (and everything under it)
Copying ../build/pyqt_login/pyqt_login.egg-info to /home/rokey/3_ws/src/install/pyqt_login/lib/python3.10/site-packages/pyqt_login-0.0.0-py3.10.egg-info
running install_scripts
Installing error_publisher script to /home/rokey/3_ws/src/install/pyqt_login/lib/pyqt_login
Installing login_node script to /home/rokey/3_ws/src/install/pyqt_login/lib/pyqt_login
Installing robot_node script to /home/rokey/3_ws/src/install/pyqt_login/lib/pyqt_login
writing list of installed files to '/home/rokey/3_ws/src/build/pyqt_login/install.log'
