[1.152s] Invoking command in '/home/rokey/3_ws/src/user_gui': PYTHONPATH=/home/rokey/3_ws/src/build/user_gui/prefix_override:/usr/lib/python3/dist-packages/colcon_core/task/python/colcon_distutils_commands:/home/rokey/3_ws/src/install/user_gui/lib/python3.10/site-packages:${PYTHONPATH} /usr/bin/python3 -W ignore:setup.py install is deprecated setup.py egg_info --egg-base ../build/user_gui build --build-base /home/rokey/3_ws/src/build/user_gui/build install --record /home/rokey/3_ws/src/build/user_gui/install.log --single-version-externally-managed install_data
[1.399s] running egg_info
[1.400s] creating ../build/user_gui/user_gui.egg-info
[1.402s] writing ../build/user_gui/user_gui.egg-info/PKG-INFO
[1.402s] writing dependency_links to ../build/user_gui/user_gui.egg-info/dependency_links.txt
[1.402s] writing entry points to ../build/user_gui/user_gui.egg-info/entry_points.txt
[1.402s] writing requirements to ../build/user_gui/user_gui.egg-info/requires.txt
[1.402s] writing top-level names to ../build/user_gui/user_gui.egg-info/top_level.txt
[1.402s] writing manifest file '../build/user_gui/user_gui.egg-info/SOURCES.txt'
[1.405s] reading manifest file '../build/user_gui/user_gui.egg-info/SOURCES.txt'
[1.406s] writing manifest file '../build/user_gui/user_gui.egg-info/SOURCES.txt'
[1.406s] running build
[1.406s] running build_py
[1.406s] creating /home/rokey/3_ws/src/build/user_gui/build
[1.406s] creating /home/rokey/3_ws/src/build/user_gui/build/lib
[1.406s] creating /home/rokey/3_ws/src/build/user_gui/build/lib/user_gui
[1.406s] copying user_gui/__init__.py -> /home/rokey/3_ws/src/build/user_gui/build/lib/user_gui
[1.407s] copying user_gui/user_gui.py -> /home/rokey/3_ws/src/build/user_gui/build/lib/user_gui
[1.407s] running install
[1.407s] running install_lib
[1.407s] creating /home/rokey/3_ws/src/install/user_gui/lib/python3.10/site-packages/user_gui
[1.407s] copying /home/rokey/3_ws/src/build/user_gui/build/lib/user_gui/__init__.py -> /home/rokey/3_ws/src/install/user_gui/lib/python3.10/site-packages/user_gui
[1.407s] copying /home/rokey/3_ws/src/build/user_gui/build/lib/user_gui/user_gui.py -> /home/rokey/3_ws/src/install/user_gui/lib/python3.10/site-packages/user_gui
[1.408s] byte-compiling /home/rokey/3_ws/src/install/user_gui/lib/python3.10/site-packages/user_gui/__init__.py to __init__.cpython-310.pyc
[1.408s] byte-compiling /home/rokey/3_ws/src/install/user_gui/lib/python3.10/site-packages/user_gui/user_gui.py to user_gui.cpython-310.pyc
[1.410s] running install_data
[1.410s] copying package.xml -> /home/rokey/3_ws/src/install/user_gui/share/user_gui
[1.410s] creating /home/rokey/3_ws/src/install/user_gui/share/user_gui/images
[1.411s] running install_egg_info
[1.411s] Copying ../build/user_gui/user_gui.egg-info to /home/rokey/3_ws/src/install/user_gui/lib/python3.10/site-packages/user_gui-0.0.1-py3.10.egg-info
[1.412s] running install_scripts
[1.434s] Installing user_gui script to /home/rokey/3_ws/src/install/user_gui/lib/user_gui
[1.434s] writing list of installed files to '/home/rokey/3_ws/src/build/user_gui/install.log'
[1.470s] Invoked command in '/home/rokey/3_ws/src/user_gui' returned '0': PYTHONPATH=/home/rokey/3_ws/src/build/user_gui/prefix_override:/usr/lib/python3/dist-packages/colcon_core/task/python/colcon_distutils_commands:/home/rokey/3_ws/src/install/user_gui/lib/python3.10/site-packages:${PYTHONPATH} /usr/bin/python3 -W ignore:setup.py install is deprecated setup.py egg_info --egg-base ../build/user_gui build --build-base /home/rokey/3_ws/src/build/user_gui/build install --record /home/rokey/3_ws/src/build/user_gui/install.log --single-version-externally-managed install_data
