[2.010s] Invoking command in '/home/rokey/3_ws/src/state_publisher': PYTHONPATH=/home/rokey/3_ws/src/build/state_publisher/prefix_override:/usr/lib/python3/dist-packages/colcon_core/task/python/colcon_distutils_commands:/home/rokey/3_ws/src/install/state_publisher/lib/python3.10/site-packages:${PYTHONPATH} /usr/bin/python3 -W ignore:setup.py install is deprecated setup.py egg_info --egg-base ../build/state_publisher build --build-base /home/rokey/3_ws/src/build/state_publisher/build install --record /home/rokey/3_ws/src/build/state_publisher/install.log --single-version-externally-managed install_data
[2.329s] running egg_info
[2.329s] creating ../build/state_publisher/state_publisher.egg-info
[2.329s] writing ../build/state_publisher/state_publisher.egg-info/PKG-INFO
[2.330s] writing dependency_links to ../build/state_publisher/state_publisher.egg-info/dependency_links.txt
[2.330s] writing entry points to ../build/state_publisher/state_publisher.egg-info/entry_points.txt
[2.330s] writing requirements to ../build/state_publisher/state_publisher.egg-info/requires.txt
[2.330s] writing top-level names to ../build/state_publisher/state_publisher.egg-info/top_level.txt
[2.330s] writing manifest file '../build/state_publisher/state_publisher.egg-info/SOURCES.txt'
[2.332s] reading manifest file '../build/state_publisher/state_publisher.egg-info/SOURCES.txt'
[2.333s] writing manifest file '../build/state_publisher/state_publisher.egg-info/SOURCES.txt'
[2.333s] running build
[2.333s] running build_py
[2.333s] creating /home/rokey/3_ws/src/build/state_publisher/build
[2.333s] creating /home/rokey/3_ws/src/build/state_publisher/build/lib
[2.333s] creating /home/rokey/3_ws/src/build/state_publisher/build/lib/state_publisher
[2.334s] copying state_publisher/state_publisher.py -> /home/rokey/3_ws/src/build/state_publisher/build/lib/state_publisher
[2.334s] copying state_publisher/__init__.py -> /home/rokey/3_ws/src/build/state_publisher/build/lib/state_publisher
[2.334s] running install
[2.334s] running install_lib
[2.334s] creating /home/rokey/3_ws/src/install/state_publisher/lib/python3.10/site-packages/state_publisher
[2.334s] copying /home/rokey/3_ws/src/build/state_publisher/build/lib/state_publisher/state_publisher.py -> /home/rokey/3_ws/src/install/state_publisher/lib/python3.10/site-packages/state_publisher
[2.335s] copying /home/rokey/3_ws/src/build/state_publisher/build/lib/state_publisher/__init__.py -> /home/rokey/3_ws/src/install/state_publisher/lib/python3.10/site-packages/state_publisher
[2.335s] byte-compiling /home/rokey/3_ws/src/install/state_publisher/lib/python3.10/site-packages/state_publisher/state_publisher.py to state_publisher.cpython-310.pyc
[2.335s] byte-compiling /home/rokey/3_ws/src/install/state_publisher/lib/python3.10/site-packages/state_publisher/__init__.py to __init__.cpython-310.pyc
[2.336s] running install_data
[2.336s] creating /home/rokey/3_ws/src/install/state_publisher/share/ament_index
[2.336s] creating /home/rokey/3_ws/src/install/state_publisher/share/ament_index/resource_index
[2.336s] creating /home/rokey/3_ws/src/install/state_publisher/share/ament_index/resource_index/packages
[2.336s] copying resource/state_publisher -> /home/rokey/3_ws/src/install/state_publisher/share/ament_index/resource_index/packages
[2.336s] copying package.xml -> /home/rokey/3_ws/src/install/state_publisher/share/state_publisher
[2.336s] running install_egg_info
[2.338s] Copying ../build/state_publisher/state_publisher.egg-info to /home/rokey/3_ws/src/install/state_publisher/lib/python3.10/site-packages/state_publisher-0.0.0-py3.10.egg-info
[2.339s] running install_scripts
[2.362s] Installing state_publisher script to /home/rokey/3_ws/src/install/state_publisher/lib/state_publisher
[2.362s] writing list of installed files to '/home/rokey/3_ws/src/build/state_publisher/install.log'
[2.389s] Invoked command in '/home/rokey/3_ws/src/state_publisher' returned '0': PYTHONPATH=/home/rokey/3_ws/src/build/state_publisher/prefix_override:/usr/lib/python3/dist-packages/colcon_core/task/python/colcon_distutils_commands:/home/rokey/3_ws/src/install/state_publisher/lib/python3.10/site-packages:${PYTHONPATH} /usr/bin/python3 -W ignore:setup.py install is deprecated setup.py egg_info --egg-base ../build/state_publisher build --build-base /home/rokey/3_ws/src/build/state_publisher/build install --record /home/rokey/3_ws/src/build/state_publisher/install.log --single-version-externally-managed install_data
