[2.026s] Invoking command in '/home/rokey/3_ws/src/pyqt_login': PYTHONPATH=/home/rokey/3_ws/src/build/pyqt_login/prefix_override:/usr/lib/python3/dist-packages/colcon_core/task/python/colcon_distutils_commands:/home/rokey/3_ws/src/install/pyqt_login/lib/python3.10/site-packages:${PYTHONPATH} /usr/bin/python3 -W ignore:setup.py install is deprecated setup.py egg_info --egg-base ../build/pyqt_login build --build-base /home/rokey/3_ws/src/build/pyqt_login/build install --record /home/rokey/3_ws/src/build/pyqt_login/install.log --single-version-externally-managed install_data
[2.332s] running egg_info
[2.333s] creating ../build/pyqt_login/pyqt_login.egg-info
[2.333s] writing ../build/pyqt_login/pyqt_login.egg-info/PKG-INFO
[2.334s] writing dependency_links to ../build/pyqt_login/pyqt_login.egg-info/dependency_links.txt
[2.334s] writing entry points to ../build/pyqt_login/pyqt_login.egg-info/entry_points.txt
[2.334s] writing requirements to ../build/pyqt_login/pyqt_login.egg-info/requires.txt
[2.334s] writing top-level names to ../build/pyqt_login/pyqt_login.egg-info/top_level.txt
[2.334s] writing manifest file '../build/pyqt_login/pyqt_login.egg-info/SOURCES.txt'
[2.336s] reading manifest file '../build/pyqt_login/pyqt_login.egg-info/SOURCES.txt'
[2.337s] writing manifest file '../build/pyqt_login/pyqt_login.egg-info/SOURCES.txt'
[2.337s] running build
[2.337s] running build_py
[2.338s] creating /home/rokey/3_ws/src/build/pyqt_login/build
[2.338s] creating /home/rokey/3_ws/src/build/pyqt_login/build/lib
[2.338s] creating /home/rokey/3_ws/src/build/pyqt_login/build/lib/pyqt_login
[2.338s] copying pyqt_login/login_node.py -> /home/rokey/3_ws/src/build/pyqt_login/build/lib/pyqt_login
[2.338s] copying pyqt_login/robot_node.py -> /home/rokey/3_ws/src/build/pyqt_login/build/lib/pyqt_login
[2.339s] copying pyqt_login/__init__.py -> /home/rokey/3_ws/src/build/pyqt_login/build/lib/pyqt_login
[2.339s] copying pyqt_login/error_publisher.py -> /home/rokey/3_ws/src/build/pyqt_login/build/lib/pyqt_login
[2.339s] running install
[2.339s] running install_lib
[2.340s] creating /home/rokey/3_ws/src/install/pyqt_login/lib/python3.10/site-packages/pyqt_login
[2.340s] copying /home/rokey/3_ws/src/build/pyqt_login/build/lib/pyqt_login/login_node.py -> /home/rokey/3_ws/src/install/pyqt_login/lib/python3.10/site-packages/pyqt_login
[2.340s] copying /home/rokey/3_ws/src/build/pyqt_login/build/lib/pyqt_login/robot_node.py -> /home/rokey/3_ws/src/install/pyqt_login/lib/python3.10/site-packages/pyqt_login
[2.340s] copying /home/rokey/3_ws/src/build/pyqt_login/build/lib/pyqt_login/__init__.py -> /home/rokey/3_ws/src/install/pyqt_login/lib/python3.10/site-packages/pyqt_login
[2.340s] copying /home/rokey/3_ws/src/build/pyqt_login/build/lib/pyqt_login/error_publisher.py -> /home/rokey/3_ws/src/install/pyqt_login/lib/python3.10/site-packages/pyqt_login
[2.340s] byte-compiling /home/rokey/3_ws/src/install/pyqt_login/lib/python3.10/site-packages/pyqt_login/login_node.py to login_node.cpython-310.pyc
[2.344s] byte-compiling /home/rokey/3_ws/src/install/pyqt_login/lib/python3.10/site-packages/pyqt_login/robot_node.py to robot_node.cpython-310.pyc
[2.344s] byte-compiling /home/rokey/3_ws/src/install/pyqt_login/lib/python3.10/site-packages/pyqt_login/__init__.py to __init__.cpython-310.pyc
[2.344s] byte-compiling /home/rokey/3_ws/src/install/pyqt_login/lib/python3.10/site-packages/pyqt_login/error_publisher.py to error_publisher.cpython-310.pyc
[2.345s] running install_data
[2.345s] creating /home/rokey/3_ws/src/install/pyqt_login/share/ament_index
[2.345s] creating /home/rokey/3_ws/src/install/pyqt_login/share/ament_index/resource_index
[2.345s] creating /home/rokey/3_ws/src/install/pyqt_login/share/ament_index/resource_index/packages
[2.345s] copying resource/pyqt_login -> /home/rokey/3_ws/src/install/pyqt_login/share/ament_index/resource_index/packages
[2.346s] copying package.xml -> /home/rokey/3_ws/src/install/pyqt_login/share/pyqt_login
[2.346s] running install_egg_info
[2.347s] Copying ../build/pyqt_login/pyqt_login.egg-info to /home/rokey/3_ws/src/install/pyqt_login/lib/python3.10/site-packages/pyqt_login-0.0.0-py3.10.egg-info
[2.348s] running install_scripts
[2.370s] Installing error_publisher script to /home/rokey/3_ws/src/install/pyqt_login/lib/pyqt_login
[2.370s] Installing login_node script to /home/rokey/3_ws/src/install/pyqt_login/lib/pyqt_login
[2.370s] Installing robot_node script to /home/rokey/3_ws/src/install/pyqt_login/lib/pyqt_login
[2.371s] writing list of installed files to '/home/rokey/3_ws/src/build/pyqt_login/install.log'
[2.401s] Invoked command in '/home/rokey/3_ws/src/pyqt_login' returned '0': PYTHONPATH=/home/rokey/3_ws/src/build/pyqt_login/prefix_override:/usr/lib/python3/dist-packages/colcon_core/task/python/colcon_distutils_commands:/home/rokey/3_ws/src/install/pyqt_login/lib/python3.10/site-packages:${PYTHONPATH} /usr/bin/python3 -W ignore:setup.py install is deprecated setup.py egg_info --egg-base ../build/pyqt_login build --build-base /home/rokey/3_ws/src/build/pyqt_login/build install --record /home/rokey/3_ws/src/build/pyqt_login/install.log --single-version-externally-managed install_data
