[1.942s] Invoking command in '/home/rokey/3_ws/src/user_gui': PYTHONPATH=/home/rokey/3_ws/src/build/user_gui/prefix_override:/usr/lib/python3/dist-packages/colcon_core/task/python/colcon_distutils_commands:/home/rokey/3_ws/src/install/user_gui/lib/python3.10/site-packages:${PYTHONPATH} /usr/bin/python3 -W ignore:setup.py install is deprecated setup.py egg_info --egg-base ../build/user_gui build --build-base /home/rokey/3_ws/src/build/user_gui/build install --record /home/rokey/3_ws/src/build/user_gui/install.log --single-version-externally-managed install_data
[2.255s] running egg_info
[2.256s] writing ../build/user_gui/user_gui.egg-info/PKG-INFO
[2.256s] writing dependency_links to ../build/user_gui/user_gui.egg-info/dependency_links.txt
[2.256s] writing entry points to ../build/user_gui/user_gui.egg-info/entry_points.txt
[2.257s] writing requirements to ../build/user_gui/user_gui.egg-info/requires.txt
[2.257s] writing top-level names to ../build/user_gui/user_gui.egg-info/top_level.txt
[2.258s] reading manifest file '../build/user_gui/user_gui.egg-info/SOURCES.txt'
[2.259s] writing manifest file '../build/user_gui/user_gui.egg-info/SOURCES.txt'
[2.259s] running build
[2.259s] running build_py
[2.259s] copying user_gui/user_gui.py -> /home/rokey/3_ws/src/build/user_gui/build/lib/user_gui
[2.259s] running install
[2.260s] running install_lib
[2.261s] copying /home/rokey/3_ws/src/build/user_gui/build/lib/user_gui/user_gui.py -> /home/rokey/3_ws/src/install/user_gui/lib/python3.10/site-packages/user_gui
[2.261s] byte-compiling /home/rokey/3_ws/src/install/user_gui/lib/python3.10/site-packages/user_gui/user_gui.py to user_gui.cpython-310.pyc
[2.266s] running install_data
[2.266s] running install_egg_info
[2.268s] removing '/home/rokey/3_ws/src/install/user_gui/lib/python3.10/site-packages/user_gui-0.0.1-py3.10.egg-info' (and everything under it)
[2.268s] Copying ../build/user_gui/user_gui.egg-info to /home/rokey/3_ws/src/install/user_gui/lib/python3.10/site-packages/user_gui-0.0.1-py3.10.egg-info
[2.269s] running install_scripts
[2.291s] Installing user_gui script to /home/rokey/3_ws/src/install/user_gui/lib/user_gui
[2.292s] writing list of installed files to '/home/rokey/3_ws/src/build/user_gui/install.log'
[2.322s] Invoked command in '/home/rokey/3_ws/src/user_gui' returned '0': PYTHONPATH=/home/rokey/3_ws/src/build/user_gui/prefix_override:/usr/lib/python3/dist-packages/colcon_core/task/python/colcon_distutils_commands:/home/rokey/3_ws/src/install/user_gui/lib/python3.10/site-packages:${PYTHONPATH} /usr/bin/python3 -W ignore:setup.py install is deprecated setup.py egg_info --egg-base ../build/user_gui build --build-base /home/rokey/3_ws/src/build/user_gui/build install --record /home/rokey/3_ws/src/build/user_gui/install.log --single-version-externally-managed install_data
