[1.745s] Invoking command in '/home/rokey/3_ws/src/order_belt_listener': PYTHONPATH=/home/rokey/3_ws/src/build/order_belt_listener/prefix_override:/usr/lib/python3/dist-packages/colcon_core/task/python/colcon_distutils_commands:/home/rokey/3_ws/src/install/order_belt_listener/lib/python3.10/site-packages:${PYTHONPATH} /usr/bin/python3 -W ignore:setup.py install is deprecated setup.py egg_info --egg-base ../build/order_belt_listener build --build-base /home/rokey/3_ws/src/build/order_belt_listener/build install --record /home/rokey/3_ws/src/build/order_belt_listener/install.log --single-version-externally-managed install_data
[2.002s] running egg_info
[2.003s] writing ../build/order_belt_listener/order_belt_listener.egg-info/PKG-INFO
[2.003s] writing dependency_links to ../build/order_belt_listener/order_belt_listener.egg-info/dependency_links.txt
[2.004s] writing entry points to ../build/order_belt_listener/order_belt_listener.egg-info/entry_points.txt
[2.004s] writing requirements to ../build/order_belt_listener/order_belt_listener.egg-info/requires.txt
[2.004s] writing top-level names to ../build/order_belt_listener/order_belt_listener.egg-info/top_level.txt
[2.006s] reading manifest file '../build/order_belt_listener/order_belt_listener.egg-info/SOURCES.txt'
[2.007s] writing manifest file '../build/order_belt_listener/order_belt_listener.egg-info/SOURCES.txt'
[2.007s] running build
[2.007s] running build_py
[2.007s] running install
[2.008s] running install_lib
[2.009s] running install_data
[2.009s] running install_egg_info
[2.011s] removing '/home/rokey/3_ws/src/install/order_belt_listener/lib/python3.10/site-packages/order_belt_listener-0.0.0-py3.10.egg-info' (and everything under it)
[2.011s] Copying ../build/order_belt_listener/order_belt_listener.egg-info to /home/rokey/3_ws/src/install/order_belt_listener/lib/python3.10/site-packages/order_belt_listener-0.0.0-py3.10.egg-info
[2.012s] running install_scripts
[2.041s] Installing order_belt_listener script to /home/rokey/3_ws/src/install/order_belt_listener/lib/order_belt_listener
[2.041s] writing list of installed files to '/home/rokey/3_ws/src/build/order_belt_listener/install.log'
[2.076s] Invoked command in '/home/rokey/3_ws/src/order_belt_listener' returned '0': PYTHONPATH=/home/rokey/3_ws/src/build/order_belt_listener/prefix_override:/usr/lib/python3/dist-packages/colcon_core/task/python/colcon_distutils_commands:/home/rokey/3_ws/src/install/order_belt_listener/lib/python3.10/site-packages:${PYTHONPATH} /usr/bin/python3 -W ignore:setup.py install is deprecated setup.py egg_info --egg-base ../build/order_belt_listener build --build-base /home/rokey/3_ws/src/build/order_belt_listener/build install --record /home/rokey/3_ws/src/build/order_belt_listener/install.log --single-version-externally-managed install_data
