[2.013s] Invoking command in '/home/rokey/3_ws/src/order_belt_listener': PYTHONPATH=/home/rokey/3_ws/src/build/order_belt_listener/prefix_override:/usr/lib/python3/dist-packages/colcon_core/task/python/colcon_distutils_commands:/home/rokey/3_ws/src/install/order_belt_listener/lib/python3.10/site-packages:${PYTHONPATH} /usr/bin/python3 -W ignore:setup.py install is deprecated setup.py egg_info --egg-base ../build/order_belt_listener build --build-base /home/rokey/3_ws/src/build/order_belt_listener/build install --record /home/rokey/3_ws/src/build/order_belt_listener/install.log --single-version-externally-managed install_data
[2.266s] running egg_info
[2.266s] creating ../build/order_belt_listener/order_belt_listener.egg-info
[2.267s] writing ../build/order_belt_listener/order_belt_listener.egg-info/PKG-INFO
[2.267s] writing dependency_links to ../build/order_belt_listener/order_belt_listener.egg-info/dependency_links.txt
[2.267s] writing entry points to ../build/order_belt_listener/order_belt_listener.egg-info/entry_points.txt
[2.267s] writing requirements to ../build/order_belt_listener/order_belt_listener.egg-info/requires.txt
[2.267s] writing top-level names to ../build/order_belt_listener/order_belt_listener.egg-info/top_level.txt
[2.268s] writing manifest file '../build/order_belt_listener/order_belt_listener.egg-info/SOURCES.txt'
[2.269s] reading manifest file '../build/order_belt_listener/order_belt_listener.egg-info/SOURCES.txt'
[2.270s] writing manifest file '../build/order_belt_listener/order_belt_listener.egg-info/SOURCES.txt'
[2.270s] running build
[2.270s] running build_py
[2.270s] creating /home/rokey/3_ws/src/build/order_belt_listener/build
[2.270s] creating /home/rokey/3_ws/src/build/order_belt_listener/build/lib
[2.270s] creating /home/rokey/3_ws/src/build/order_belt_listener/build/lib/order_belt_listener
[2.270s] copying order_belt_listener/order_belt_listener.py -> /home/rokey/3_ws/src/build/order_belt_listener/build/lib/order_belt_listener
[2.271s] copying order_belt_listener/__init__.py -> /home/rokey/3_ws/src/build/order_belt_listener/build/lib/order_belt_listener
[2.271s] running install
[2.271s] running install_lib
[2.272s] creating /home/rokey/3_ws/src/install/order_belt_listener/lib/python3.10/site-packages/order_belt_listener
[2.272s] copying /home/rokey/3_ws/src/build/order_belt_listener/build/lib/order_belt_listener/order_belt_listener.py -> /home/rokey/3_ws/src/install/order_belt_listener/lib/python3.10/site-packages/order_belt_listener
[2.272s] copying /home/rokey/3_ws/src/build/order_belt_listener/build/lib/order_belt_listener/__init__.py -> /home/rokey/3_ws/src/install/order_belt_listener/lib/python3.10/site-packages/order_belt_listener
[2.272s] byte-compiling /home/rokey/3_ws/src/install/order_belt_listener/lib/python3.10/site-packages/order_belt_listener/order_belt_listener.py to order_belt_listener.cpython-310.pyc
[2.273s] byte-compiling /home/rokey/3_ws/src/install/order_belt_listener/lib/python3.10/site-packages/order_belt_listener/__init__.py to __init__.cpython-310.pyc
[2.273s] running install_data
[2.273s] creating /home/rokey/3_ws/src/install/order_belt_listener/share/ament_index
[2.273s] creating /home/rokey/3_ws/src/install/order_belt_listener/share/ament_index/resource_index
[2.273s] creating /home/rokey/3_ws/src/install/order_belt_listener/share/ament_index/resource_index/packages
[2.273s] copying resource/order_belt_listener -> /home/rokey/3_ws/src/install/order_belt_listener/share/ament_index/resource_index/packages
[2.273s] copying package.xml -> /home/rokey/3_ws/src/install/order_belt_listener/share/order_belt_listener
[2.274s] running install_egg_info
[2.275s] Copying ../build/order_belt_listener/order_belt_listener.egg-info to /home/rokey/3_ws/src/install/order_belt_listener/lib/python3.10/site-packages/order_belt_listener-0.0.0-py3.10.egg-info
[2.276s] running install_scripts
[2.294s] Installing order_belt_listener script to /home/rokey/3_ws/src/install/order_belt_listener/lib/order_belt_listener
[2.295s] writing list of installed files to '/home/rokey/3_ws/src/build/order_belt_listener/install.log'
[2.321s] Invoked command in '/home/rokey/3_ws/src/order_belt_listener' returned '0': PYTHONPATH=/home/rokey/3_ws/src/build/order_belt_listener/prefix_override:/usr/lib/python3/dist-packages/colcon_core/task/python/colcon_distutils_commands:/home/rokey/3_ws/src/install/order_belt_listener/lib/python3.10/site-packages:${PYTHONPATH} /usr/bin/python3 -W ignore:setup.py install is deprecated setup.py egg_info --egg-base ../build/order_belt_listener build --build-base /home/rokey/3_ws/src/build/order_belt_listener/build install --record /home/rokey/3_ws/src/build/order_belt_listener/install.log --single-version-externally-managed install_data
