[1.834s] Invoking command in '/home/rokey/3_ws/src/image_publisher': PYTHONPATH=/home/rokey/3_ws/src/build/image_publisher/prefix_override:/usr/lib/python3/dist-packages/colcon_core/task/python/colcon_distutils_commands:/home/rokey/3_ws/src/install/image_publisher/lib/python3.10/site-packages:${PYTHONPATH} /usr/bin/python3 -W ignore:setup.py install is deprecated setup.py egg_info --egg-base ../build/image_publisher build --build-base /home/rokey/3_ws/src/build/image_publisher/build install --record /home/rokey/3_ws/src/build/image_publisher/install.log --single-version-externally-managed install_data
[2.119s] running egg_info
[2.120s] creating ../build/image_publisher/image_publisher.egg-info
[2.120s] writing ../build/image_publisher/image_publisher.egg-info/PKG-INFO
[2.121s] writing dependency_links to ../build/image_publisher/image_publisher.egg-info/dependency_links.txt
[2.122s] writing entry points to ../build/image_publisher/image_publisher.egg-info/entry_points.txt
[2.122s] writing requirements to ../build/image_publisher/image_publisher.egg-info/requires.txt
[2.122s] writing top-level names to ../build/image_publisher/image_publisher.egg-info/top_level.txt
[2.123s] writing manifest file '../build/image_publisher/image_publisher.egg-info/SOURCES.txt'
[2.125s] reading manifest file '../build/image_publisher/image_publisher.egg-info/SOURCES.txt'
[2.126s] writing manifest file '../build/image_publisher/image_publisher.egg-info/SOURCES.txt'
[2.126s] running build
[2.126s] running build_py
[2.126s] creating /home/rokey/3_ws/src/build/image_publisher/build
[2.126s] creating /home/rokey/3_ws/src/build/image_publisher/build/lib
[2.127s] creating /home/rokey/3_ws/src/build/image_publisher/build/lib/image_publisher
[2.127s] copying image_publisher/__init__.py -> /home/rokey/3_ws/src/build/image_publisher/build/lib/image_publisher
[2.127s] copying image_publisher/image_publisher.py -> /home/rokey/3_ws/src/build/image_publisher/build/lib/image_publisher
[2.127s] running install
[2.127s] running install_lib
[2.129s] creating /home/rokey/3_ws/src/install/image_publisher/lib/python3.10/site-packages/image_publisher
[2.129s] copying /home/rokey/3_ws/src/build/image_publisher/build/lib/image_publisher/__init__.py -> /home/rokey/3_ws/src/install/image_publisher/lib/python3.10/site-packages/image_publisher
[2.129s] copying /home/rokey/3_ws/src/build/image_publisher/build/lib/image_publisher/image_publisher.py -> /home/rokey/3_ws/src/install/image_publisher/lib/python3.10/site-packages/image_publisher
[2.130s] byte-compiling /home/rokey/3_ws/src/install/image_publisher/lib/python3.10/site-packages/image_publisher/__init__.py to __init__.cpython-310.pyc
[2.130s] byte-compiling /home/rokey/3_ws/src/install/image_publisher/lib/python3.10/site-packages/image_publisher/image_publisher.py to image_publisher.cpython-310.pyc
[2.131s] running install_data
[2.131s] copying package.xml -> /home/rokey/3_ws/src/install/image_publisher/share/image_publisher
[2.131s] creating /home/rokey/3_ws/src/install/image_publisher/share/image_publisher/images
[2.131s] copying images/0_img_29.jpg -> /home/rokey/3_ws/src/install/image_publisher/share/image_publisher/images
[2.132s] copying images/1_img_17.jpg -> /home/rokey/3_ws/src/install/image_publisher/share/image_publisher/images
[2.132s] running install_egg_info
[2.135s] Copying ../build/image_publisher/image_publisher.egg-info to /home/rokey/3_ws/src/install/image_publisher/lib/python3.10/site-packages/image_publisher-0.0.0-py3.10.egg-info
[2.136s] running install_scripts
[2.169s] Installing image_publisher script to /home/rokey/3_ws/src/install/image_publisher/lib/image_publisher
[2.170s] writing list of installed files to '/home/rokey/3_ws/src/build/image_publisher/install.log'
[2.206s] Invoked command in '/home/rokey/3_ws/src/image_publisher' returned '0': PYTHONPATH=/home/rokey/3_ws/src/build/image_publisher/prefix_override:/usr/lib/python3/dist-packages/colcon_core/task/python/colcon_distutils_commands:/home/rokey/3_ws/src/install/image_publisher/lib/python3.10/site-packages:${PYTHONPATH} /usr/bin/python3 -W ignore:setup.py install is deprecated setup.py egg_info --egg-base ../build/image_publisher build --build-base /home/rokey/3_ws/src/build/image_publisher/build install --record /home/rokey/3_ws/src/build/image_publisher/install.log --single-version-externally-managed install_data
