running egg_info
writing ../build/user_gui/user_gui.egg-info/PKG-INFO
writing dependency_links to ../build/user_gui/user_gui.egg-info/dependency_links.txt
writing entry points to ../build/user_gui/user_gui.egg-info/entry_points.txt
writing requirements to ../build/user_gui/user_gui.egg-info/requires.txt
writing top-level names to ../build/user_gui/user_gui.egg-info/top_level.txt
reading manifest file '../build/user_gui/user_gui.egg-info/SOURCES.txt'
writing manifest file '../build/user_gui/user_gui.egg-info/SOURCES.txt'
running build
running build_py
copying user_gui/user_gui.py -> /home/rokey/3_ws/src/build/user_gui/build/lib/user_gui
running install
running install_lib
copying /home/rokey/3_ws/src/build/user_gui/build/lib/user_gui/user_gui.py -> /home/rokey/3_ws/src/install/user_gui/lib/python3.10/site-packages/user_gui
byte-compiling /home/rokey/3_ws/src/install/user_gui/lib/python3.10/site-packages/user_gui/user_gui.py to user_gui.cpython-310.pyc
running install_data
running install_egg_info
removing '/home/rokey/3_ws/src/install/user_gui/lib/python3.10/site-packages/user_gui-0.0.1-py3.10.egg-info' (and everything under it)
Copying ../build/user_gui/user_gui.egg-info to /home/rokey/3_ws/src/install/user_gui/lib/python3.10/site-packages/user_gui-0.0.1-py3.10.egg-info
running install_scripts
Installing user_gui script to /home/rokey/3_ws/src/install/user_gui/lib/user_gui
writing list of installed files to '/home/rokey/3_ws/src/build/user_gui/install.log'
