[0.109s] DEBUG:colcon:Command line arguments: ['/usr/bin/colcon', 'build']
[0.109s] DEBUG:colcon:Parsed command line arguments: Namespace(log_base=None, log_level=None, verb_name='build', build_base='build', install_base='install', merge_install=False, symlink_install=False, test_result_base=None, continue_on_error=False, executor='parallel', parallel_workers=8, event_handlers=None, ignore_user_meta=False, metas=['./colcon.meta'], base_paths=['.'], packages_ignore=None, packages_ignore_regex=None, paths=None, packages_up_to=None, packages_up_to_regex=None, packages_above=None, packages_above_and_dependencies=None, packages_above_depth=None, packages_select_by_dep=None, packages_skip_by_dep=None, packages_skip_up_to=None, packages_select_build_failed=False, packages_skip_build_finished=False, packages_select_test_failures=False, packages_skip_test_passed=False, packages_select=None, packages_skip=None, packages_select_regex=None, packages_skip_regex=None, packages_start=None, packages_end=None, allow_overriding=[], cmake_args=None, cmake_target=None, cmake_target_skip_unavailable=False, cmake_clean_cache=False, cmake_clean_first=False, cmake_force_configure=False, ament_cmake_args=None, catkin_cmake_args=None, catkin_skip_building_tests=False, verb_parser=<colcon_defaults.argument_parser.defaults.DefaultArgumentsDecorator object at 0x711562a30a90>, verb_extension=<colcon_core.verb.build.BuildVerb object at 0x711562a30640>, main=<bound method BuildVerb.main of <colcon_core.verb.build.BuildVerb object at 0x711562a30640>>)
[0.276s] Level 1:colcon.colcon_core.package_discovery:discover_packages(colcon_meta) check parameters
[0.276s] Level 1:colcon.colcon_core.package_discovery:discover_packages(recursive) check parameters
[0.276s] Level 1:colcon.colcon_core.package_discovery:discover_packages(ignore) check parameters
[0.276s] Level 1:colcon.colcon_core.package_discovery:discover_packages(path) check parameters
[0.276s] Level 1:colcon.colcon_core.package_discovery:discover_packages(colcon_meta) discover
[0.276s] Level 1:colcon.colcon_core.package_discovery:discover_packages(recursive) discover
[0.276s] INFO:colcon.colcon_core.package_discovery:Crawling recursively for packages in '/home/rokey/3_ws/src'
[0.277s] Level 1:colcon.colcon_core.package_identification:_identify(.) by extensions ['ignore', 'ignore_ament_install']
[0.277s] Level 1:colcon.colcon_core.package_identification:_identify(.) by extension 'ignore'
[0.277s] Level 1:colcon.colcon_core.package_identification:_identify(.) by extension 'ignore_ament_install'
[0.277s] Level 1:colcon.colcon_core.package_identification:_identify(.) by extensions ['colcon_pkg']
[0.277s] Level 1:colcon.colcon_core.package_identification:_identify(.) by extension 'colcon_pkg'
[0.277s] Level 1:colcon.colcon_core.package_identification:_identify(.) by extensions ['colcon_meta']
[0.277s] Level 1:colcon.colcon_core.package_identification:_identify(.) by extension 'colcon_meta'
[0.277s] Level 1:colcon.colcon_core.package_identification:_identify(.) by extensions ['ros']
[0.277s] Level 1:colcon.colcon_core.package_identification:_identify(.) by extension 'ros'
[0.289s] Level 1:colcon.colcon_core.package_identification:_identify(.) by extensions ['cmake', 'python']
[0.289s] Level 1:colcon.colcon_core.package_identification:_identify(.) by extension 'cmake'
[0.289s] Level 1:colcon.colcon_core.package_identification:_identify(.) by extension 'python'
[0.289s] Level 1:colcon.colcon_core.package_identification:_identify(.) by extensions ['python_setup_py']
[0.289s] Level 1:colcon.colcon_core.package_identification:_identify(.) by extension 'python_setup_py'
[0.289s] Level 1:colcon.colcon_core.package_identification:_identify(build) by extensions ['ignore', 'ignore_ament_install']
[0.289s] Level 1:colcon.colcon_core.package_identification:_identify(build) by extension 'ignore'
[0.289s] Level 1:colcon.colcon_core.package_identification:_identify(build) ignored
[0.289s] Level 1:colcon.colcon_core.package_identification:_identify(install) by extensions ['ignore', 'ignore_ament_install']
[0.290s] Level 1:colcon.colcon_core.package_identification:_identify(install) by extension 'ignore'
[0.290s] Level 1:colcon.colcon_core.package_identification:_identify(install) ignored
[0.290s] Level 1:colcon.colcon_core.package_identification:_identify(log) by extensions ['ignore', 'ignore_ament_install']
[0.290s] Level 1:colcon.colcon_core.package_identification:_identify(log) by extension 'ignore'
[0.290s] Level 1:colcon.colcon_core.package_identification:_identify(log) ignored
[0.290s] Level 1:colcon.colcon_core.package_identification:_identify(order_listener) by extensions ['ignore', 'ignore_ament_install']
[0.290s] Level 1:colcon.colcon_core.package_identification:_identify(order_listener) by extension 'ignore'
[0.290s] Level 1:colcon.colcon_core.package_identification:_identify(order_listener) by extension 'ignore_ament_install'
[0.290s] Level 1:colcon.colcon_core.package_identification:_identify(order_listener) by extensions ['colcon_pkg']
[0.290s] Level 1:colcon.colcon_core.package_identification:_identify(order_listener) by extension 'colcon_pkg'
[0.290s] Level 1:colcon.colcon_core.package_identification:_identify(order_listener) by extensions ['colcon_meta']
[0.290s] Level 1:colcon.colcon_core.package_identification:_identify(order_listener) by extension 'colcon_meta'
[0.290s] Level 1:colcon.colcon_core.package_identification:_identify(order_listener) by extensions ['ros']
[0.290s] Level 1:colcon.colcon_core.package_identification:_identify(order_listener) by extension 'ros'
[0.293s] DEBUG:colcon.colcon_core.package_identification:Package 'order_listener' with type 'ros.ament_python' and name 'order_listener'
[0.293s] Level 1:colcon.colcon_core.package_identification:_identify(pyqt_login) by extensions ['ignore', 'ignore_ament_install']
[0.293s] Level 1:colcon.colcon_core.package_identification:_identify(pyqt_login) by extension 'ignore'
[0.293s] Level 1:colcon.colcon_core.package_identification:_identify(pyqt_login) by extension 'ignore_ament_install'
[0.293s] Level 1:colcon.colcon_core.package_identification:_identify(pyqt_login) by extensions ['colcon_pkg']
[0.293s] Level 1:colcon.colcon_core.package_identification:_identify(pyqt_login) by extension 'colcon_pkg'
[0.293s] Level 1:colcon.colcon_core.package_identification:_identify(pyqt_login) by extensions ['colcon_meta']
[0.293s] Level 1:colcon.colcon_core.package_identification:_identify(pyqt_login) by extension 'colcon_meta'
[0.293s] Level 1:colcon.colcon_core.package_identification:_identify(pyqt_login) by extensions ['ros']
[0.293s] Level 1:colcon.colcon_core.package_identification:_identify(pyqt_login) by extension 'ros'
[0.294s] DEBUG:colcon.colcon_core.package_identification:Package 'pyqt_login' with type 'ros.ament_python' and name 'pyqt_login'
[0.294s] Level 1:colcon.colcon_core.package_identification:_identify(user_gui) by extensions ['ignore', 'ignore_ament_install']
[0.294s] Level 1:colcon.colcon_core.package_identification:_identify(user_gui) by extension 'ignore'
[0.294s] Level 1:colcon.colcon_core.package_identification:_identify(user_gui) by extension 'ignore_ament_install'
[0.294s] Level 1:colcon.colcon_core.package_identification:_identify(user_gui) by extensions ['colcon_pkg']
[0.294s] Level 1:colcon.colcon_core.package_identification:_identify(user_gui) by extension 'colcon_pkg'
[0.295s] Level 1:colcon.colcon_core.package_identification:_identify(user_gui) by extensions ['colcon_meta']
[0.295s] Level 1:colcon.colcon_core.package_identification:_identify(user_gui) by extension 'colcon_meta'
[0.295s] Level 1:colcon.colcon_core.package_identification:_identify(user_gui) by extensions ['ros']
[0.295s] Level 1:colcon.colcon_core.package_identification:_identify(user_gui) by extension 'ros'
[0.295s] DEBUG:colcon.colcon_core.package_identification:Package 'user_gui' with type 'ros.ament_python' and name 'user_gui'
[0.295s] Level 1:colcon.colcon_core.package_discovery:discover_packages(recursive) using defaults
[0.295s] Level 1:colcon.colcon_core.package_discovery:discover_packages(ignore) discover
[0.295s] Level 1:colcon.colcon_core.package_discovery:discover_packages(ignore) using defaults
[0.295s] Level 1:colcon.colcon_core.package_discovery:discover_packages(path) discover
[0.295s] Level 1:colcon.colcon_core.package_discovery:discover_packages(path) using defaults
[0.315s] Level 1:colcon.colcon_core.package_discovery:discover_packages(prefix_path) check parameters
[0.316s] Level 1:colcon.colcon_core.package_discovery:discover_packages(prefix_path) discover
[0.317s] DEBUG:colcon.colcon_installed_package_information.package_discovery:Found 1 installed packages in /home/rokey/kwi/install
[0.318s] DEBUG:colcon.colcon_installed_package_information.package_discovery:Found 270 installed packages in /opt/ros/humble
[0.320s] Level 1:colcon.colcon_core.package_discovery:discover_packages(prefix_path) using defaults
[0.367s] Level 5:colcon.colcon_core.verb:set package 'order_listener' build argument 'cmake_args' from command line to 'None'
[0.367s] Level 5:colcon.colcon_core.verb:set package 'order_listener' build argument 'cmake_target' from command line to 'None'
[0.367s] Level 5:colcon.colcon_core.verb:set package 'order_listener' build argument 'cmake_target_skip_unavailable' from command line to 'False'
[0.367s] Level 5:colcon.colcon_core.verb:set package 'order_listener' build argument 'cmake_clean_cache' from command line to 'False'
[0.367s] Level 5:colcon.colcon_core.verb:set package 'order_listener' build argument 'cmake_clean_first' from command line to 'False'
[0.368s] Level 5:colcon.colcon_core.verb:set package 'order_listener' build argument 'cmake_force_configure' from command line to 'False'
[0.368s] Level 5:colcon.colcon_core.verb:set package 'order_listener' build argument 'ament_cmake_args' from command line to 'None'
[0.368s] Level 5:colcon.colcon_core.verb:set package 'order_listener' build argument 'catkin_cmake_args' from command line to 'None'
[0.368s] Level 5:colcon.colcon_core.verb:set package 'order_listener' build argument 'catkin_skip_building_tests' from command line to 'False'
[0.368s] DEBUG:colcon.colcon_core.verb:Building package 'order_listener' with the following arguments: {'ament_cmake_args': None, 'build_base': '/home/rokey/3_ws/src/build/order_listener', 'catkin_cmake_args': None, 'catkin_skip_building_tests': False, 'cmake_args': None, 'cmake_clean_cache': False, 'cmake_clean_first': False, 'cmake_force_configure': False, 'cmake_target': None, 'cmake_target_skip_unavailable': False, 'install_base': '/home/rokey/3_ws/src/install/order_listener', 'merge_install': False, 'path': '/home/rokey/3_ws/src/order_listener', 'symlink_install': False, 'test_result_base': None}
[0.368s] Level 5:colcon.colcon_core.verb:set package 'pyqt_login' build argument 'cmake_args' from command line to 'None'
[0.368s] Level 5:colcon.colcon_core.verb:set package 'pyqt_login' build argument 'cmake_target' from command line to 'None'
[0.368s] Level 5:colcon.colcon_core.verb:set package 'pyqt_login' build argument 'cmake_target_skip_unavailable' from command line to 'False'
[0.368s] Level 5:colcon.colcon_core.verb:set package 'pyqt_login' build argument 'cmake_clean_cache' from command line to 'False'
[0.368s] Level 5:colcon.colcon_core.verb:set package 'pyqt_login' build argument 'cmake_clean_first' from command line to 'False'
[0.368s] Level 5:colcon.colcon_core.verb:set package 'pyqt_login' build argument 'cmake_force_configure' from command line to 'False'
[0.368s] Level 5:colcon.colcon_core.verb:set package 'pyqt_login' build argument 'ament_cmake_args' from command line to 'None'
[0.368s] Level 5:colcon.colcon_core.verb:set package 'pyqt_login' build argument 'catkin_cmake_args' from command line to 'None'
[0.368s] Level 5:colcon.colcon_core.verb:set package 'pyqt_login' build argument 'catkin_skip_building_tests' from command line to 'False'
[0.368s] DEBUG:colcon.colcon_core.verb:Building package 'pyqt_login' with the following arguments: {'ament_cmake_args': None, 'build_base': '/home/rokey/3_ws/src/build/pyqt_login', 'catkin_cmake_args': None, 'catkin_skip_building_tests': False, 'cmake_args': None, 'cmake_clean_cache': False, 'cmake_clean_first': False, 'cmake_force_configure': False, 'cmake_target': None, 'cmake_target_skip_unavailable': False, 'install_base': '/home/rokey/3_ws/src/install/pyqt_login', 'merge_install': False, 'path': '/home/rokey/3_ws/src/pyqt_login', 'symlink_install': False, 'test_result_base': None}
[0.369s] Level 5:colcon.colcon_core.verb:set package 'user_gui' build argument 'cmake_args' from command line to 'None'
[0.369s] Level 5:colcon.colcon_core.verb:set package 'user_gui' build argument 'cmake_target' from command line to 'None'
[0.369s] Level 5:colcon.colcon_core.verb:set package 'user_gui' build argument 'cmake_target_skip_unavailable' from command line to 'False'
[0.369s] Level 5:colcon.colcon_core.verb:set package 'user_gui' build argument 'cmake_clean_cache' from command line to 'False'
[0.369s] Level 5:colcon.colcon_core.verb:set package 'user_gui' build argument 'cmake_clean_first' from command line to 'False'
[0.369s] Level 5:colcon.colcon_core.verb:set package 'user_gui' build argument 'cmake_force_configure' from command line to 'False'
[0.369s] Level 5:colcon.colcon_core.verb:set package 'user_gui' build argument 'ament_cmake_args' from command line to 'None'
[0.369s] Level 5:colcon.colcon_core.verb:set package 'user_gui' build argument 'catkin_cmake_args' from command line to 'None'
[0.369s] Level 5:colcon.colcon_core.verb:set package 'user_gui' build argument 'catkin_skip_building_tests' from command line to 'False'
[0.369s] DEBUG:colcon.colcon_core.verb:Building package 'user_gui' with the following arguments: {'ament_cmake_args': None, 'build_base': '/home/rokey/3_ws/src/build/user_gui', 'catkin_cmake_args': None, 'catkin_skip_building_tests': False, 'cmake_args': None, 'cmake_clean_cache': False, 'cmake_clean_first': False, 'cmake_force_configure': False, 'cmake_target': None, 'cmake_target_skip_unavailable': False, 'install_base': '/home/rokey/3_ws/src/install/user_gui', 'merge_install': False, 'path': '/home/rokey/3_ws/src/user_gui', 'symlink_install': False, 'test_result_base': None}
[0.369s] INFO:colcon.colcon_core.executor:Executing jobs using 'parallel' executor
[0.370s] DEBUG:colcon.colcon_parallel_executor.executor.parallel:run_until_complete
[0.370s] INFO:colcon.colcon_ros.task.ament_python.build:Building ROS package in '/home/rokey/3_ws/src/order_listener' with build type 'ament_python'
[0.370s] Level 1:colcon.colcon_core.shell:create_environment_hook('order_listener', 'ament_prefix_path')
[0.372s] INFO:colcon.colcon_core.plugin_system:Skipping extension 'colcon_core.shell.bat': Not used on non-Windows systems
[0.373s] INFO:colcon.colcon_core.shell:Creating environment hook '/home/rokey/3_ws/src/install/order_listener/share/order_listener/hook/ament_prefix_path.ps1'
[0.373s] INFO:colcon.colcon_core.shell:Creating environment descriptor '/home/rokey/3_ws/src/install/order_listener/share/order_listener/hook/ament_prefix_path.dsv'
[0.374s] INFO:colcon.colcon_core.shell:Creating environment hook '/home/rokey/3_ws/src/install/order_listener/share/order_listener/hook/ament_prefix_path.sh'
[0.375s] INFO:colcon.colcon_core.shell:Skip shell extension 'powershell' for command environment: Not usable outside of PowerShell
[0.375s] DEBUG:colcon.colcon_core.shell:Skip shell extension 'dsv' for command environment
[0.377s] INFO:colcon.colcon_ros.task.ament_python.build:Building ROS package in '/home/rokey/3_ws/src/pyqt_login' with build type 'ament_python'
[0.378s] Level 1:colcon.colcon_core.shell:create_environment_hook('pyqt_login', 'ament_prefix_path')
[0.378s] INFO:colcon.colcon_core.shell:Creating environment hook '/home/rokey/3_ws/src/install/pyqt_login/share/pyqt_login/hook/ament_prefix_path.ps1'
[0.378s] INFO:colcon.colcon_core.shell:Creating environment descriptor '/home/rokey/3_ws/src/install/pyqt_login/share/pyqt_login/hook/ament_prefix_path.dsv'
[0.379s] INFO:colcon.colcon_core.shell:Creating environment hook '/home/rokey/3_ws/src/install/pyqt_login/share/pyqt_login/hook/ament_prefix_path.sh'
[0.379s] INFO:colcon.colcon_core.shell:Skip shell extension 'powershell' for command environment: Not usable outside of PowerShell
[0.379s] DEBUG:colcon.colcon_core.shell:Skip shell extension 'dsv' for command environment
[0.382s] INFO:colcon.colcon_ros.task.ament_python.build:Building ROS package in '/home/rokey/3_ws/src/user_gui' with build type 'ament_python'
[0.382s] Level 1:colcon.colcon_core.shell:create_environment_hook('user_gui', 'ament_prefix_path')
[0.382s] INFO:colcon.colcon_core.shell:Creating environment hook '/home/rokey/3_ws/src/install/user_gui/share/user_gui/hook/ament_prefix_path.ps1'
[0.383s] INFO:colcon.colcon_core.shell:Creating environment descriptor '/home/rokey/3_ws/src/install/user_gui/share/user_gui/hook/ament_prefix_path.dsv'
[0.383s] INFO:colcon.colcon_core.shell:Creating environment hook '/home/rokey/3_ws/src/install/user_gui/share/user_gui/hook/ament_prefix_path.sh'
[0.384s] INFO:colcon.colcon_core.shell:Skip shell extension 'powershell' for command environment: Not usable outside of PowerShell
[0.384s] DEBUG:colcon.colcon_core.shell:Skip shell extension 'dsv' for command environment
[0.638s] INFO:colcon.colcon_core.task.python.build:Building Python package in '/home/rokey/3_ws/src/order_listener'
[0.639s] INFO:colcon.colcon_core.shell:Skip shell extension 'powershell' for command environment: Not usable outside of PowerShell
[0.639s] DEBUG:colcon.colcon_core.shell:Skip shell extension 'dsv' for command environment
[0.907s] INFO:colcon.colcon_core.task.python.build:Building Python package in '/home/rokey/3_ws/src/pyqt_login'
[0.907s] INFO:colcon.colcon_core.shell:Skip shell extension 'powershell' for command environment: Not usable outside of PowerShell
[0.907s] DEBUG:colcon.colcon_core.shell:Skip shell extension 'dsv' for command environment
[1.161s] WARNING:colcon.colcon_ros.task.ament_python.build:Package 'user_gui' doesn't explicitly install a marker in the package index (colcon-ros currently does it implicitly but that fallback will be removed in the future)
[1.161s] INFO:colcon.colcon_core.task.python.build:Building Python package in '/home/rokey/3_ws/src/user_gui'
[1.161s] INFO:colcon.colcon_core.shell:Skip shell extension 'powershell' for command environment: Not usable outside of PowerShell
[1.161s] DEBUG:colcon.colcon_core.shell:Skip shell extension 'dsv' for command environment
[1.506s] DEBUG:colcon.colcon_core.event_handler.log_command:Invoking command in '/home/rokey/3_ws/src/pyqt_login': PYTHONPATH=/home/rokey/3_ws/src/build/pyqt_login/prefix_override:/usr/lib/python3/dist-packages/colcon_core/task/python/colcon_distutils_commands:/home/rokey/3_ws/src/install/pyqt_login/lib/python3.10/site-packages:${PYTHONPATH} /usr/bin/python3 -W ignore:setup.py install is deprecated setup.py egg_info --egg-base ../build/pyqt_login build --build-base /home/rokey/3_ws/src/build/pyqt_login/build install --record /home/rokey/3_ws/src/build/pyqt_login/install.log --single-version-externally-managed install_data
[1.509s] DEBUG:colcon.colcon_core.event_handler.log_command:Invoking command in '/home/rokey/3_ws/src/order_listener': PYTHONPATH=/home/rokey/3_ws/src/build/order_listener/prefix_override:/usr/lib/python3/dist-packages/colcon_core/task/python/colcon_distutils_commands:/home/rokey/3_ws/src/install/order_listener/lib/python3.10/site-packages:${PYTHONPATH} /usr/bin/python3 -W ignore:setup.py install is deprecated setup.py egg_info --egg-base ../build/order_listener build --build-base /home/rokey/3_ws/src/build/order_listener/build install --record /home/rokey/3_ws/src/build/order_listener/install.log --single-version-externally-managed install_data
[1.534s] DEBUG:colcon.colcon_core.event_handler.log_command:Invoking command in '/home/rokey/3_ws/src/user_gui': PYTHONPATH=/home/rokey/3_ws/src/build/user_gui/prefix_override:/usr/lib/python3/dist-packages/colcon_core/task/python/colcon_distutils_commands:/home/rokey/3_ws/src/install/user_gui/lib/python3.10/site-packages:${PYTHONPATH} /usr/bin/python3 -W ignore:setup.py install is deprecated setup.py egg_info --egg-base ../build/user_gui build --build-base /home/rokey/3_ws/src/build/user_gui/build install --record /home/rokey/3_ws/src/build/user_gui/install.log --single-version-externally-managed install_data
[1.852s] DEBUG:colcon.colcon_core.event_handler.log_command:Invoked command in '/home/rokey/3_ws/src/user_gui' returned '0': PYTHONPATH=/home/rokey/3_ws/src/build/user_gui/prefix_override:/usr/lib/python3/dist-packages/colcon_core/task/python/colcon_distutils_commands:/home/rokey/3_ws/src/install/user_gui/lib/python3.10/site-packages:${PYTHONPATH} /usr/bin/python3 -W ignore:setup.py install is deprecated setup.py egg_info --egg-base ../build/user_gui build --build-base /home/rokey/3_ws/src/build/user_gui/build install --record /home/rokey/3_ws/src/build/user_gui/install.log --single-version-externally-managed install_data
[1.855s] Level 1:colcon.colcon_core.environment:checking '/home/rokey/3_ws/src/install/user_gui' for CMake module files
[1.856s] Level 1:colcon.colcon_core.environment:checking '/home/rokey/3_ws/src/install/user_gui' for CMake config files
[1.857s] Level 1:colcon.colcon_core.environment:checking '/home/rokey/3_ws/src/install/user_gui/lib'
[1.857s] Level 1:colcon.colcon_core.environment:checking '/home/rokey/3_ws/src/install/user_gui/bin'
[1.857s] Level 1:colcon.colcon_core.environment:checking '/home/rokey/3_ws/src/install/user_gui/lib/pkgconfig/user_gui.pc'
[1.858s] Level 1:colcon.colcon_core.environment:checking '/home/rokey/3_ws/src/install/user_gui/lib/python3.10/site-packages'
[1.858s] Level 1:colcon.colcon_core.shell:create_environment_hook('user_gui', 'pythonpath')
[1.858s] INFO:colcon.colcon_core.shell:Creating environment hook '/home/rokey/3_ws/src/install/user_gui/share/user_gui/hook/pythonpath.ps1'
[1.859s] INFO:colcon.colcon_core.shell:Creating environment descriptor '/home/rokey/3_ws/src/install/user_gui/share/user_gui/hook/pythonpath.dsv'
[1.859s] INFO:colcon.colcon_core.shell:Creating environment hook '/home/rokey/3_ws/src/install/user_gui/share/user_gui/hook/pythonpath.sh'
[1.860s] Level 1:colcon.colcon_core.environment:checking '/home/rokey/3_ws/src/install/user_gui/bin'
[1.860s] Level 1:colcon.colcon_core.environment:create_environment_scripts_only(user_gui)
[1.861s] INFO:colcon.colcon_core.shell:Creating package script '/home/rokey/3_ws/src/install/user_gui/share/user_gui/package.ps1'
[1.862s] INFO:colcon.colcon_core.shell:Creating package descriptor '/home/rokey/3_ws/src/install/user_gui/share/user_gui/package.dsv'
[1.863s] INFO:colcon.colcon_core.shell:Creating package script '/home/rokey/3_ws/src/install/user_gui/share/user_gui/package.sh'
[1.864s] INFO:colcon.colcon_core.shell:Creating package script '/home/rokey/3_ws/src/install/user_gui/share/user_gui/package.bash'
[1.865s] INFO:colcon.colcon_core.shell:Creating package script '/home/rokey/3_ws/src/install/user_gui/share/user_gui/package.zsh'
[1.866s] Level 1:colcon.colcon_core.environment:create_file_with_runtime_dependencies(/home/rokey/3_ws/src/install/user_gui/share/colcon-core/packages/user_gui)
[1.867s] Level 1:colcon.colcon_core.environment:checking '/home/rokey/3_ws/src/install/pyqt_login' for CMake module files
[1.869s] Level 1:colcon.colcon_core.environment:checking '/home/rokey/3_ws/src/install/pyqt_login' for CMake config files
[1.869s] DEBUG:colcon.colcon_core.event_handler.log_command:Invoked command in '/home/rokey/3_ws/src/pyqt_login' returned '0': PYTHONPATH=/home/rokey/3_ws/src/build/pyqt_login/prefix_override:/usr/lib/python3/dist-packages/colcon_core/task/python/colcon_distutils_commands:/home/rokey/3_ws/src/install/pyqt_login/lib/python3.10/site-packages:${PYTHONPATH} /usr/bin/python3 -W ignore:setup.py install is deprecated setup.py egg_info --egg-base ../build/pyqt_login build --build-base /home/rokey/3_ws/src/build/pyqt_login/build install --record /home/rokey/3_ws/src/build/pyqt_login/install.log --single-version-externally-managed install_data
[1.870s] Level 1:colcon.colcon_core.environment:checking '/home/rokey/3_ws/src/install/pyqt_login/lib'
[1.870s] Level 1:colcon.colcon_core.environment:checking '/home/rokey/3_ws/src/install/pyqt_login/bin'
[1.870s] Level 1:colcon.colcon_core.environment:checking '/home/rokey/3_ws/src/install/pyqt_login/lib/pkgconfig/pyqt_login.pc'
[1.871s] Level 1:colcon.colcon_core.environment:checking '/home/rokey/3_ws/src/install/pyqt_login/lib/python3.10/site-packages'
[1.871s] Level 1:colcon.colcon_core.shell:create_environment_hook('pyqt_login', 'pythonpath')
[1.871s] INFO:colcon.colcon_core.shell:Creating environment hook '/home/rokey/3_ws/src/install/pyqt_login/share/pyqt_login/hook/pythonpath.ps1'
[1.872s] INFO:colcon.colcon_core.shell:Creating environment descriptor '/home/rokey/3_ws/src/install/pyqt_login/share/pyqt_login/hook/pythonpath.dsv'
[1.872s] INFO:colcon.colcon_core.shell:Creating environment hook '/home/rokey/3_ws/src/install/pyqt_login/share/pyqt_login/hook/pythonpath.sh'
[1.873s] Level 1:colcon.colcon_core.environment:checking '/home/rokey/3_ws/src/install/pyqt_login/bin'
[1.873s] Level 1:colcon.colcon_core.environment:create_environment_scripts_only(pyqt_login)
[1.873s] INFO:colcon.colcon_core.shell:Creating package script '/home/rokey/3_ws/src/install/pyqt_login/share/pyqt_login/package.ps1'
[1.874s] INFO:colcon.colcon_core.shell:Creating package descriptor '/home/rokey/3_ws/src/install/pyqt_login/share/pyqt_login/package.dsv'
[1.875s] INFO:colcon.colcon_core.shell:Creating package script '/home/rokey/3_ws/src/install/pyqt_login/share/pyqt_login/package.sh'
[1.875s] INFO:colcon.colcon_core.shell:Creating package script '/home/rokey/3_ws/src/install/pyqt_login/share/pyqt_login/package.bash'
[1.876s] INFO:colcon.colcon_core.shell:Creating package script '/home/rokey/3_ws/src/install/pyqt_login/share/pyqt_login/package.zsh'
[1.876s] Level 1:colcon.colcon_core.environment:create_file_with_runtime_dependencies(/home/rokey/3_ws/src/install/pyqt_login/share/colcon-core/packages/pyqt_login)
[1.877s] Level 1:colcon.colcon_core.environment:checking '/home/rokey/3_ws/src/install/order_listener' for CMake module files
[1.878s] DEBUG:colcon.colcon_core.event_handler.log_command:Invoked command in '/home/rokey/3_ws/src/order_listener' returned '0': PYTHONPATH=/home/rokey/3_ws/src/build/order_listener/prefix_override:/usr/lib/python3/dist-packages/colcon_core/task/python/colcon_distutils_commands:/home/rokey/3_ws/src/install/order_listener/lib/python3.10/site-packages:${PYTHONPATH} /usr/bin/python3 -W ignore:setup.py install is deprecated setup.py egg_info --egg-base ../build/order_listener build --build-base /home/rokey/3_ws/src/build/order_listener/build install --record /home/rokey/3_ws/src/build/order_listener/install.log --single-version-externally-managed install_data
[1.878s] Level 1:colcon.colcon_core.environment:checking '/home/rokey/3_ws/src/install/order_listener' for CMake config files
[1.879s] Level 1:colcon.colcon_core.environment:checking '/home/rokey/3_ws/src/install/order_listener/lib'
[1.879s] Level 1:colcon.colcon_core.environment:checking '/home/rokey/3_ws/src/install/order_listener/bin'
[1.879s] Level 1:colcon.colcon_core.environment:checking '/home/rokey/3_ws/src/install/order_listener/lib/pkgconfig/order_listener.pc'
[1.879s] Level 1:colcon.colcon_core.environment:checking '/home/rokey/3_ws/src/install/order_listener/lib/python3.10/site-packages'
[1.879s] Level 1:colcon.colcon_core.shell:create_environment_hook('order_listener', 'pythonpath')
[1.880s] INFO:colcon.colcon_core.shell:Creating environment hook '/home/rokey/3_ws/src/install/order_listener/share/order_listener/hook/pythonpath.ps1'
[1.880s] INFO:colcon.colcon_core.shell:Creating environment descriptor '/home/rokey/3_ws/src/install/order_listener/share/order_listener/hook/pythonpath.dsv'
[1.881s] INFO:colcon.colcon_core.shell:Creating environment hook '/home/rokey/3_ws/src/install/order_listener/share/order_listener/hook/pythonpath.sh'
[1.881s] Level 1:colcon.colcon_core.environment:checking '/home/rokey/3_ws/src/install/order_listener/bin'
[1.881s] Level 1:colcon.colcon_core.environment:create_environment_scripts_only(order_listener)
[1.882s] INFO:colcon.colcon_core.shell:Creating package script '/home/rokey/3_ws/src/install/order_listener/share/order_listener/package.ps1'
[1.882s] INFO:colcon.colcon_core.shell:Creating package descriptor '/home/rokey/3_ws/src/install/order_listener/share/order_listener/package.dsv'
[1.883s] INFO:colcon.colcon_core.shell:Creating package script '/home/rokey/3_ws/src/install/order_listener/share/order_listener/package.sh'
[1.883s] INFO:colcon.colcon_core.shell:Creating package script '/home/rokey/3_ws/src/install/order_listener/share/order_listener/package.bash'
[1.883s] INFO:colcon.colcon_core.shell:Creating package script '/home/rokey/3_ws/src/install/order_listener/share/order_listener/package.zsh'
[1.884s] Level 1:colcon.colcon_core.environment:create_file_with_runtime_dependencies(/home/rokey/3_ws/src/install/order_listener/share/colcon-core/packages/order_listener)
[1.884s] DEBUG:colcon.colcon_parallel_executor.executor.parallel:closing loop
[1.884s] DEBUG:colcon.colcon_parallel_executor.executor.parallel:loop closed
[1.884s] DEBUG:colcon.colcon_parallel_executor.executor.parallel:run_until_complete finished with '0'
[1.884s] DEBUG:colcon.colcon_core.event_reactor:joining thread
[1.890s] INFO:colcon.colcon_core.plugin_system:Skipping extension 'colcon_notification.desktop_notification.terminal_notifier': Not used on non-Darwin systems
[1.890s] INFO:colcon.colcon_core.plugin_system:Skipping extension 'colcon_notification.desktop_notification.win32': Not used on non-Windows systems
[1.890s] INFO:colcon.colcon_notification.desktop_notification:Sending desktop notification using 'notify2'
[1.903s] DEBUG:colcon.colcon_core.event_reactor:joined thread
[1.904s] INFO:colcon.colcon_core.shell:Creating prefix script '/home/rokey/3_ws/src/install/local_setup.ps1'
[1.906s] INFO:colcon.colcon_core.shell:Creating prefix util module '/home/rokey/3_ws/src/install/_local_setup_util_ps1.py'
[1.908s] INFO:colcon.colcon_core.shell:Creating prefix chain script '/home/rokey/3_ws/src/install/setup.ps1'
[1.909s] INFO:colcon.colcon_core.shell:Creating prefix script '/home/rokey/3_ws/src/install/local_setup.sh'
[1.910s] INFO:colcon.colcon_core.shell:Creating prefix util module '/home/rokey/3_ws/src/install/_local_setup_util_sh.py'
[1.911s] INFO:colcon.colcon_core.shell:Creating prefix chain script '/home/rokey/3_ws/src/install/setup.sh'
[1.912s] INFO:colcon.colcon_core.shell:Creating prefix script '/home/rokey/3_ws/src/install/local_setup.bash'
[1.913s] INFO:colcon.colcon_core.shell:Creating prefix chain script '/home/rokey/3_ws/src/install/setup.bash'
[1.914s] INFO:colcon.colcon_core.shell:Creating prefix script '/home/rokey/3_ws/src/install/local_setup.zsh'
[1.914s] INFO:colcon.colcon_core.shell:Creating prefix chain script '/home/rokey/3_ws/src/install/setup.zsh'
