[0.100s] DEBUG:colcon:Command line arguments: ['/usr/bin/colcon', 'build']
[0.100s] DEBUG:colcon:Parsed command line arguments: Namespace(log_base=None, log_level=None, verb_name='build', build_base='build', install_base='install', merge_install=False, symlink_install=False, test_result_base=None, continue_on_error=False, executor='parallel', parallel_workers=8, event_handlers=None, ignore_user_meta=False, metas=['./colcon.meta'], base_paths=['.'], packages_ignore=None, packages_ignore_regex=None, paths=None, packages_up_to=None, packages_up_to_regex=None, packages_above=None, packages_above_and_dependencies=None, packages_above_depth=None, packages_select_by_dep=None, packages_skip_by_dep=None, packages_skip_up_to=None, packages_select_build_failed=False, packages_skip_build_finished=False, packages_select_test_failures=False, packages_skip_test_passed=False, packages_select=None, packages_skip=None, packages_select_regex=None, packages_skip_regex=None, packages_start=None, packages_end=None, allow_overriding=[], cmake_args=None, cmake_target=None, cmake_target_skip_unavailable=False, cmake_clean_cache=False, cmake_clean_first=False, cmake_force_configure=False, ament_cmake_args=None, catkin_cmake_args=None, catkin_skip_building_tests=False, verb_parser=<colcon_defaults.argument_parser.defaults.DefaultArgumentsDecorator object at 0x7015b2126050>, verb_extension=<colcon_core.verb.build.BuildVerb object at 0x7015b2125c00>, main=<bound method BuildVerb.main of <colcon_core.verb.build.BuildVerb object at 0x7015b2125c00>>)
[0.234s] Level 1:colcon.colcon_core.package_discovery:discover_packages(colcon_meta) check parameters
[0.235s] Level 1:colcon.colcon_core.package_discovery:discover_packages(recursive) check parameters
[0.235s] Level 1:colcon.colcon_core.package_discovery:discover_packages(ignore) check parameters
[0.235s] Level 1:colcon.colcon_core.package_discovery:discover_packages(path) check parameters
[0.235s] Level 1:colcon.colcon_core.package_discovery:discover_packages(colcon_meta) discover
[0.235s] Level 1:colcon.colcon_core.package_discovery:discover_packages(recursive) discover
[0.235s] INFO:colcon.colcon_core.package_discovery:Crawling recursively for packages in '/home/rokey/3_ws/src'
[0.235s] Level 1:colcon.colcon_core.package_identification:_identify(.) by extensions ['ignore', 'ignore_ament_install']
[0.235s] Level 1:colcon.colcon_core.package_identification:_identify(.) by extension 'ignore'
[0.235s] Level 1:colcon.colcon_core.package_identification:_identify(.) by extension 'ignore_ament_install'
[0.235s] Level 1:colcon.colcon_core.package_identification:_identify(.) by extensions ['colcon_pkg']
[0.235s] Level 1:colcon.colcon_core.package_identification:_identify(.) by extension 'colcon_pkg'
[0.235s] Level 1:colcon.colcon_core.package_identification:_identify(.) by extensions ['colcon_meta']
[0.235s] Level 1:colcon.colcon_core.package_identification:_identify(.) by extension 'colcon_meta'
[0.235s] Level 1:colcon.colcon_core.package_identification:_identify(.) by extensions ['ros']
[0.235s] Level 1:colcon.colcon_core.package_identification:_identify(.) by extension 'ros'
[0.244s] Level 1:colcon.colcon_core.package_identification:_identify(.) by extensions ['cmake', 'python']
[0.244s] Level 1:colcon.colcon_core.package_identification:_identify(.) by extension 'cmake'
[0.244s] Level 1:colcon.colcon_core.package_identification:_identify(.) by extension 'python'
[0.244s] Level 1:colcon.colcon_core.package_identification:_identify(.) by extensions ['python_setup_py']
[0.244s] Level 1:colcon.colcon_core.package_identification:_identify(.) by extension 'python_setup_py'
[0.244s] Level 1:colcon.colcon_core.package_identification:_identify(build) by extensions ['ignore', 'ignore_ament_install']
[0.244s] Level 1:colcon.colcon_core.package_identification:_identify(build) by extension 'ignore'
[0.244s] Level 1:colcon.colcon_core.package_identification:_identify(build) ignored
[0.245s] Level 1:colcon.colcon_core.package_identification:_identify(image_publisher) by extensions ['ignore', 'ignore_ament_install']
[0.245s] Level 1:colcon.colcon_core.package_identification:_identify(image_publisher) by extension 'ignore'
[0.245s] Level 1:colcon.colcon_core.package_identification:_identify(image_publisher) by extension 'ignore_ament_install'
[0.245s] Level 1:colcon.colcon_core.package_identification:_identify(image_publisher) by extensions ['colcon_pkg']
[0.245s] Level 1:colcon.colcon_core.package_identification:_identify(image_publisher) by extension 'colcon_pkg'
[0.245s] Level 1:colcon.colcon_core.package_identification:_identify(image_publisher) by extensions ['colcon_meta']
[0.245s] Level 1:colcon.colcon_core.package_identification:_identify(image_publisher) by extension 'colcon_meta'
[0.245s] Level 1:colcon.colcon_core.package_identification:_identify(image_publisher) by extensions ['ros']
[0.245s] Level 1:colcon.colcon_core.package_identification:_identify(image_publisher) by extension 'ros'
[0.247s] DEBUG:colcon.colcon_core.package_identification:Package 'image_publisher' with type 'ros.ament_python' and name 'image_publisher'
[0.247s] Level 1:colcon.colcon_core.package_identification:_identify(install) by extensions ['ignore', 'ignore_ament_install']
[0.247s] Level 1:colcon.colcon_core.package_identification:_identify(install) by extension 'ignore'
[0.247s] Level 1:colcon.colcon_core.package_identification:_identify(install) ignored
[0.247s] Level 1:colcon.colcon_core.package_identification:_identify(log) by extensions ['ignore', 'ignore_ament_install']
[0.247s] Level 1:colcon.colcon_core.package_identification:_identify(log) by extension 'ignore'
[0.247s] Level 1:colcon.colcon_core.package_identification:_identify(log) ignored
[0.247s] Level 1:colcon.colcon_core.package_identification:_identify(node_modules) by extensions ['ignore', 'ignore_ament_install']
[0.248s] Level 1:colcon.colcon_core.package_identification:_identify(node_modules) by extension 'ignore'
[0.248s] Level 1:colcon.colcon_core.package_identification:_identify(node_modules) by extension 'ignore_ament_install'
[0.248s] Level 1:colcon.colcon_core.package_identification:_identify(node_modules) by extensions ['colcon_pkg']
[0.248s] Level 1:colcon.colcon_core.package_identification:_identify(node_modules) by extension 'colcon_pkg'
[0.248s] Level 1:colcon.colcon_core.package_identification:_identify(node_modules) by extensions ['colcon_meta']
[0.248s] Level 1:colcon.colcon_core.package_identification:_identify(node_modules) by extension 'colcon_meta'
[0.248s] Level 1:colcon.colcon_core.package_identification:_identify(node_modules) by extensions ['ros']
[0.248s] Level 1:colcon.colcon_core.package_identification:_identify(node_modules) by extension 'ros'
[0.248s] Level 1:colcon.colcon_core.package_identification:_identify(node_modules) by extensions ['cmake', 'python']
[0.248s] Level 1:colcon.colcon_core.package_identification:_identify(node_modules) by extension 'cmake'
[0.248s] Level 1:colcon.colcon_core.package_identification:_identify(node_modules) by extension 'python'
[0.248s] Level 1:colcon.colcon_core.package_identification:_identify(node_modules) by extensions ['python_setup_py']
[0.248s] Level 1:colcon.colcon_core.package_identification:_identify(node_modules) by extension 'python_setup_py'
[0.248s] Level 1:colcon.colcon_core.package_identification:_identify(node_modules/dotenv) by extensions ['ignore', 'ignore_ament_install']
[0.248s] Level 1:colcon.colcon_core.package_identification:_identify(node_modules/dotenv) by extension 'ignore'
[0.248s] Level 1:colcon.colcon_core.package_identification:_identify(node_modules/dotenv) by extension 'ignore_ament_install'
[0.248s] Level 1:colcon.colcon_core.package_identification:_identify(node_modules/dotenv) by extensions ['colcon_pkg']
[0.248s] Level 1:colcon.colcon_core.package_identification:_identify(node_modules/dotenv) by extension 'colcon_pkg'
[0.248s] Level 1:colcon.colcon_core.package_identification:_identify(node_modules/dotenv) by extensions ['colcon_meta']
[0.248s] Level 1:colcon.colcon_core.package_identification:_identify(node_modules/dotenv) by extension 'colcon_meta'
[0.248s] Level 1:colcon.colcon_core.package_identification:_identify(node_modules/dotenv) by extensions ['ros']
[0.248s] Level 1:colcon.colcon_core.package_identification:_identify(node_modules/dotenv) by extension 'ros'
[0.249s] Level 1:colcon.colcon_core.package_identification:_identify(node_modules/dotenv) by extensions ['cmake', 'python']
[0.249s] Level 1:colcon.colcon_core.package_identification:_identify(node_modules/dotenv) by extension 'cmake'
[0.249s] Level 1:colcon.colcon_core.package_identification:_identify(node_modules/dotenv) by extension 'python'
[0.249s] Level 1:colcon.colcon_core.package_identification:_identify(node_modules/dotenv) by extensions ['python_setup_py']
[0.249s] Level 1:colcon.colcon_core.package_identification:_identify(node_modules/dotenv) by extension 'python_setup_py'
[0.249s] Level 1:colcon.colcon_core.package_identification:_identify(node_modules/dotenv/lib) by extensions ['ignore', 'ignore_ament_install']
[0.249s] Level 1:colcon.colcon_core.package_identification:_identify(node_modules/dotenv/lib) by extension 'ignore'
[0.249s] Level 1:colcon.colcon_core.package_identification:_identify(node_modules/dotenv/lib) by extension 'ignore_ament_install'
[0.249s] Level 1:colcon.colcon_core.package_identification:_identify(node_modules/dotenv/lib) by extensions ['colcon_pkg']
[0.249s] Level 1:colcon.colcon_core.package_identification:_identify(node_modules/dotenv/lib) by extension 'colcon_pkg'
[0.249s] Level 1:colcon.colcon_core.package_identification:_identify(node_modules/dotenv/lib) by extensions ['colcon_meta']
[0.249s] Level 1:colcon.colcon_core.package_identification:_identify(node_modules/dotenv/lib) by extension 'colcon_meta'
[0.249s] Level 1:colcon.colcon_core.package_identification:_identify(node_modules/dotenv/lib) by extensions ['ros']
[0.249s] Level 1:colcon.colcon_core.package_identification:_identify(node_modules/dotenv/lib) by extension 'ros'
[0.249s] Level 1:colcon.colcon_core.package_identification:_identify(node_modules/dotenv/lib) by extensions ['cmake', 'python']
[0.249s] Level 1:colcon.colcon_core.package_identification:_identify(node_modules/dotenv/lib) by extension 'cmake'
[0.249s] Level 1:colcon.colcon_core.package_identification:_identify(node_modules/dotenv/lib) by extension 'python'
[0.249s] Level 1:colcon.colcon_core.package_identification:_identify(node_modules/dotenv/lib) by extensions ['python_setup_py']
[0.249s] Level 1:colcon.colcon_core.package_identification:_identify(node_modules/dotenv/lib) by extension 'python_setup_py'
[0.249s] Level 1:colcon.colcon_core.package_identification:_identify(order_belt_listener) by extensions ['ignore', 'ignore_ament_install']
[0.249s] Level 1:colcon.colcon_core.package_identification:_identify(order_belt_listener) by extension 'ignore'
[0.249s] Level 1:colcon.colcon_core.package_identification:_identify(order_belt_listener) by extension 'ignore_ament_install'
[0.249s] Level 1:colcon.colcon_core.package_identification:_identify(order_belt_listener) by extensions ['colcon_pkg']
[0.249s] Level 1:colcon.colcon_core.package_identification:_identify(order_belt_listener) by extension 'colcon_pkg'
[0.250s] Level 1:colcon.colcon_core.package_identification:_identify(order_belt_listener) by extensions ['colcon_meta']
[0.250s] Level 1:colcon.colcon_core.package_identification:_identify(order_belt_listener) by extension 'colcon_meta'
[0.250s] Level 1:colcon.colcon_core.package_identification:_identify(order_belt_listener) by extensions ['ros']
[0.250s] Level 1:colcon.colcon_core.package_identification:_identify(order_belt_listener) by extension 'ros'
[0.250s] DEBUG:colcon.colcon_core.package_identification:Package 'order_belt_listener' with type 'ros.ament_python' and name 'order_belt_listener'
[0.250s] Level 1:colcon.colcon_core.package_identification:_identify(order_listener) by extensions ['ignore', 'ignore_ament_install']
[0.250s] Level 1:colcon.colcon_core.package_identification:_identify(order_listener) by extension 'ignore'
[0.250s] Level 1:colcon.colcon_core.package_identification:_identify(order_listener) by extension 'ignore_ament_install'
[0.250s] Level 1:colcon.colcon_core.package_identification:_identify(order_listener) by extensions ['colcon_pkg']
[0.250s] Level 1:colcon.colcon_core.package_identification:_identify(order_listener) by extension 'colcon_pkg'
[0.250s] Level 1:colcon.colcon_core.package_identification:_identify(order_listener) by extensions ['colcon_meta']
[0.250s] Level 1:colcon.colcon_core.package_identification:_identify(order_listener) by extension 'colcon_meta'
[0.250s] Level 1:colcon.colcon_core.package_identification:_identify(order_listener) by extensions ['ros']
[0.250s] Level 1:colcon.colcon_core.package_identification:_identify(order_listener) by extension 'ros'
[0.251s] DEBUG:colcon.colcon_core.package_identification:Package 'order_listener' with type 'ros.ament_python' and name 'order_listener'
[0.251s] Level 1:colcon.colcon_core.package_identification:_identify(pyqt_login) by extensions ['ignore', 'ignore_ament_install']
[0.251s] Level 1:colcon.colcon_core.package_identification:_identify(pyqt_login) by extension 'ignore'
[0.251s] Level 1:colcon.colcon_core.package_identification:_identify(pyqt_login) by extension 'ignore_ament_install'
[0.251s] Level 1:colcon.colcon_core.package_identification:_identify(pyqt_login) by extensions ['colcon_pkg']
[0.251s] Level 1:colcon.colcon_core.package_identification:_identify(pyqt_login) by extension 'colcon_pkg'
[0.251s] Level 1:colcon.colcon_core.package_identification:_identify(pyqt_login) by extensions ['colcon_meta']
[0.251s] Level 1:colcon.colcon_core.package_identification:_identify(pyqt_login) by extension 'colcon_meta'
[0.251s] Level 1:colcon.colcon_core.package_identification:_identify(pyqt_login) by extensions ['ros']
[0.251s] Level 1:colcon.colcon_core.package_identification:_identify(pyqt_login) by extension 'ros'
[0.252s] DEBUG:colcon.colcon_core.package_identification:Package 'pyqt_login' with type 'ros.ament_python' and name 'pyqt_login'
[0.252s] Level 1:colcon.colcon_core.package_identification:_identify(state_publisher) by extensions ['ignore', 'ignore_ament_install']
[0.252s] Level 1:colcon.colcon_core.package_identification:_identify(state_publisher) by extension 'ignore'
[0.252s] Level 1:colcon.colcon_core.package_identification:_identify(state_publisher) by extension 'ignore_ament_install'
[0.252s] Level 1:colcon.colcon_core.package_identification:_identify(state_publisher) by extensions ['colcon_pkg']
[0.252s] Level 1:colcon.colcon_core.package_identification:_identify(state_publisher) by extension 'colcon_pkg'
[0.252s] Level 1:colcon.colcon_core.package_identification:_identify(state_publisher) by extensions ['colcon_meta']
[0.252s] Level 1:colcon.colcon_core.package_identification:_identify(state_publisher) by extension 'colcon_meta'
[0.252s] Level 1:colcon.colcon_core.package_identification:_identify(state_publisher) by extensions ['ros']
[0.252s] Level 1:colcon.colcon_core.package_identification:_identify(state_publisher) by extension 'ros'
[0.253s] DEBUG:colcon.colcon_core.package_identification:Package 'state_publisher' with type 'ros.ament_python' and name 'state_publisher'
[0.253s] Level 1:colcon.colcon_core.package_identification:_identify(user_gui) by extensions ['ignore', 'ignore_ament_install']
[0.253s] Level 1:colcon.colcon_core.package_identification:_identify(user_gui) by extension 'ignore'
[0.253s] Level 1:colcon.colcon_core.package_identification:_identify(user_gui) by extension 'ignore_ament_install'
[0.253s] Level 1:colcon.colcon_core.package_identification:_identify(user_gui) by extensions ['colcon_pkg']
[0.253s] Level 1:colcon.colcon_core.package_identification:_identify(user_gui) by extension 'colcon_pkg'
[0.253s] Level 1:colcon.colcon_core.package_identification:_identify(user_gui) by extensions ['colcon_meta']
[0.253s] Level 1:colcon.colcon_core.package_identification:_identify(user_gui) by extension 'colcon_meta'
[0.253s] Level 1:colcon.colcon_core.package_identification:_identify(user_gui) by extensions ['ros']
[0.253s] Level 1:colcon.colcon_core.package_identification:_identify(user_gui) by extension 'ros'
[0.254s] DEBUG:colcon.colcon_core.package_identification:Package 'user_gui' with type 'ros.ament_python' and name 'user_gui'
[0.254s] Level 1:colcon.colcon_core.package_discovery:discover_packages(recursive) using defaults
[0.254s] Level 1:colcon.colcon_core.package_discovery:discover_packages(ignore) discover
[0.254s] Level 1:colcon.colcon_core.package_discovery:discover_packages(ignore) using defaults
[0.254s] Level 1:colcon.colcon_core.package_discovery:discover_packages(path) discover
[0.254s] Level 1:colcon.colcon_core.package_discovery:discover_packages(path) using defaults
[0.270s] Level 1:colcon.colcon_core.package_discovery:discover_packages(prefix_path) check parameters
[0.271s] Level 1:colcon.colcon_core.package_discovery:discover_packages(prefix_path) discover
[0.272s] DEBUG:colcon.colcon_installed_package_information.package_discovery:Found 6 installed packages in /home/rokey/3_ws/src/install
[0.272s] DEBUG:colcon.colcon_installed_package_information.package_discovery:Found 6 installed packages in /home/rokey/3_ws/install
[0.273s] DEBUG:colcon.colcon_installed_package_information.package_discovery:Found 1 installed packages in /home/rokey/kwi/install
[0.274s] DEBUG:colcon.colcon_installed_package_information.package_discovery:Found 270 installed packages in /opt/ros/humble
[0.283s] Level 1:colcon.colcon_core.package_discovery:discover_packages(prefix_path) using defaults
[0.319s] Level 5:colcon.colcon_core.verb:set package 'image_publisher' build argument 'cmake_args' from command line to 'None'
[0.319s] Level 5:colcon.colcon_core.verb:set package 'image_publisher' build argument 'cmake_target' from command line to 'None'
[0.319s] Level 5:colcon.colcon_core.verb:set package 'image_publisher' build argument 'cmake_target_skip_unavailable' from command line to 'False'
[0.319s] Level 5:colcon.colcon_core.verb:set package 'image_publisher' build argument 'cmake_clean_cache' from command line to 'False'
[0.319s] Level 5:colcon.colcon_core.verb:set package 'image_publisher' build argument 'cmake_clean_first' from command line to 'False'
[0.319s] Level 5:colcon.colcon_core.verb:set package 'image_publisher' build argument 'cmake_force_configure' from command line to 'False'
[0.319s] Level 5:colcon.colcon_core.verb:set package 'image_publisher' build argument 'ament_cmake_args' from command line to 'None'
[0.319s] Level 5:colcon.colcon_core.verb:set package 'image_publisher' build argument 'catkin_cmake_args' from command line to 'None'
[0.319s] Level 5:colcon.colcon_core.verb:set package 'image_publisher' build argument 'catkin_skip_building_tests' from command line to 'False'
[0.319s] DEBUG:colcon.colcon_core.verb:Building package 'image_publisher' with the following arguments: {'ament_cmake_args': None, 'build_base': '/home/rokey/3_ws/src/build/image_publisher', 'catkin_cmake_args': None, 'catkin_skip_building_tests': False, 'cmake_args': None, 'cmake_clean_cache': False, 'cmake_clean_first': False, 'cmake_force_configure': False, 'cmake_target': None, 'cmake_target_skip_unavailable': False, 'install_base': '/home/rokey/3_ws/src/install/image_publisher', 'merge_install': False, 'path': '/home/rokey/3_ws/src/image_publisher', 'symlink_install': False, 'test_result_base': None}
[0.319s] Level 5:colcon.colcon_core.verb:set package 'order_belt_listener' build argument 'cmake_args' from command line to 'None'
[0.319s] Level 5:colcon.colcon_core.verb:set package 'order_belt_listener' build argument 'cmake_target' from command line to 'None'
[0.319s] Level 5:colcon.colcon_core.verb:set package 'order_belt_listener' build argument 'cmake_target_skip_unavailable' from command line to 'False'
[0.320s] Level 5:colcon.colcon_core.verb:set package 'order_belt_listener' build argument 'cmake_clean_cache' from command line to 'False'
[0.320s] Level 5:colcon.colcon_core.verb:set package 'order_belt_listener' build argument 'cmake_clean_first' from command line to 'False'
[0.320s] Level 5:colcon.colcon_core.verb:set package 'order_belt_listener' build argument 'cmake_force_configure' from command line to 'False'
[0.320s] Level 5:colcon.colcon_core.verb:set package 'order_belt_listener' build argument 'ament_cmake_args' from command line to 'None'
[0.320s] Level 5:colcon.colcon_core.verb:set package 'order_belt_listener' build argument 'catkin_cmake_args' from command line to 'None'
[0.320s] Level 5:colcon.colcon_core.verb:set package 'order_belt_listener' build argument 'catkin_skip_building_tests' from command line to 'False'
[0.320s] DEBUG:colcon.colcon_core.verb:Building package 'order_belt_listener' with the following arguments: {'ament_cmake_args': None, 'build_base': '/home/rokey/3_ws/src/build/order_belt_listener', 'catkin_cmake_args': None, 'catkin_skip_building_tests': False, 'cmake_args': None, 'cmake_clean_cache': False, 'cmake_clean_first': False, 'cmake_force_configure': False, 'cmake_target': None, 'cmake_target_skip_unavailable': False, 'install_base': '/home/rokey/3_ws/src/install/order_belt_listener', 'merge_install': False, 'path': '/home/rokey/3_ws/src/order_belt_listener', 'symlink_install': False, 'test_result_base': None}
[0.320s] Level 5:colcon.colcon_core.verb:set package 'order_listener' build argument 'cmake_args' from command line to 'None'
[0.320s] Level 5:colcon.colcon_core.verb:set package 'order_listener' build argument 'cmake_target' from command line to 'None'
[0.320s] Level 5:colcon.colcon_core.verb:set package 'order_listener' build argument 'cmake_target_skip_unavailable' from command line to 'False'
[0.320s] Level 5:colcon.colcon_core.verb:set package 'order_listener' build argument 'cmake_clean_cache' from command line to 'False'
[0.320s] Level 5:colcon.colcon_core.verb:set package 'order_listener' build argument 'cmake_clean_first' from command line to 'False'
[0.320s] Level 5:colcon.colcon_core.verb:set package 'order_listener' build argument 'cmake_force_configure' from command line to 'False'
[0.320s] Level 5:colcon.colcon_core.verb:set package 'order_listener' build argument 'ament_cmake_args' from command line to 'None'
[0.320s] Level 5:colcon.colcon_core.verb:set package 'order_listener' build argument 'catkin_cmake_args' from command line to 'None'
[0.320s] Level 5:colcon.colcon_core.verb:set package 'order_listener' build argument 'catkin_skip_building_tests' from command line to 'False'
[0.320s] DEBUG:colcon.colcon_core.verb:Building package 'order_listener' with the following arguments: {'ament_cmake_args': None, 'build_base': '/home/rokey/3_ws/src/build/order_listener', 'catkin_cmake_args': None, 'catkin_skip_building_tests': False, 'cmake_args': None, 'cmake_clean_cache': False, 'cmake_clean_first': False, 'cmake_force_configure': False, 'cmake_target': None, 'cmake_target_skip_unavailable': False, 'install_base': '/home/rokey/3_ws/src/install/order_listener', 'merge_install': False, 'path': '/home/rokey/3_ws/src/order_listener', 'symlink_install': False, 'test_result_base': None}
[0.321s] Level 5:colcon.colcon_core.verb:set package 'pyqt_login' build argument 'cmake_args' from command line to 'None'
[0.321s] Level 5:colcon.colcon_core.verb:set package 'pyqt_login' build argument 'cmake_target' from command line to 'None'
[0.321s] Level 5:colcon.colcon_core.verb:set package 'pyqt_login' build argument 'cmake_target_skip_unavailable' from command line to 'False'
[0.321s] Level 5:colcon.colcon_core.verb:set package 'pyqt_login' build argument 'cmake_clean_cache' from command line to 'False'
[0.321s] Level 5:colcon.colcon_core.verb:set package 'pyqt_login' build argument 'cmake_clean_first' from command line to 'False'
[0.321s] Level 5:colcon.colcon_core.verb:set package 'pyqt_login' build argument 'cmake_force_configure' from command line to 'False'
[0.321s] Level 5:colcon.colcon_core.verb:set package 'pyqt_login' build argument 'ament_cmake_args' from command line to 'None'
[0.321s] Level 5:colcon.colcon_core.verb:set package 'pyqt_login' build argument 'catkin_cmake_args' from command line to 'None'
[0.321s] Level 5:colcon.colcon_core.verb:set package 'pyqt_login' build argument 'catkin_skip_building_tests' from command line to 'False'
[0.321s] DEBUG:colcon.colcon_core.verb:Building package 'pyqt_login' with the following arguments: {'ament_cmake_args': None, 'build_base': '/home/rokey/3_ws/src/build/pyqt_login', 'catkin_cmake_args': None, 'catkin_skip_building_tests': False, 'cmake_args': None, 'cmake_clean_cache': False, 'cmake_clean_first': False, 'cmake_force_configure': False, 'cmake_target': None, 'cmake_target_skip_unavailable': False, 'install_base': '/home/rokey/3_ws/src/install/pyqt_login', 'merge_install': False, 'path': '/home/rokey/3_ws/src/pyqt_login', 'symlink_install': False, 'test_result_base': None}
[0.321s] Level 5:colcon.colcon_core.verb:set package 'state_publisher' build argument 'cmake_args' from command line to 'None'
[0.321s] Level 5:colcon.colcon_core.verb:set package 'state_publisher' build argument 'cmake_target' from command line to 'None'
[0.321s] Level 5:colcon.colcon_core.verb:set package 'state_publisher' build argument 'cmake_target_skip_unavailable' from command line to 'False'
[0.321s] Level 5:colcon.colcon_core.verb:set package 'state_publisher' build argument 'cmake_clean_cache' from command line to 'False'
[0.321s] Level 5:colcon.colcon_core.verb:set package 'state_publisher' build argument 'cmake_clean_first' from command line to 'False'
[0.321s] Level 5:colcon.colcon_core.verb:set package 'state_publisher' build argument 'cmake_force_configure' from command line to 'False'
[0.321s] Level 5:colcon.colcon_core.verb:set package 'state_publisher' build argument 'ament_cmake_args' from command line to 'None'
[0.321s] Level 5:colcon.colcon_core.verb:set package 'state_publisher' build argument 'catkin_cmake_args' from command line to 'None'
[0.321s] Level 5:colcon.colcon_core.verb:set package 'state_publisher' build argument 'catkin_skip_building_tests' from command line to 'False'
[0.321s] DEBUG:colcon.colcon_core.verb:Building package 'state_publisher' with the following arguments: {'ament_cmake_args': None, 'build_base': '/home/rokey/3_ws/src/build/state_publisher', 'catkin_cmake_args': None, 'catkin_skip_building_tests': False, 'cmake_args': None, 'cmake_clean_cache': False, 'cmake_clean_first': False, 'cmake_force_configure': False, 'cmake_target': None, 'cmake_target_skip_unavailable': False, 'install_base': '/home/rokey/3_ws/src/install/state_publisher', 'merge_install': False, 'path': '/home/rokey/3_ws/src/state_publisher', 'symlink_install': False, 'test_result_base': None}
[0.322s] Level 5:colcon.colcon_core.verb:set package 'user_gui' build argument 'cmake_args' from command line to 'None'
[0.322s] Level 5:colcon.colcon_core.verb:set package 'user_gui' build argument 'cmake_target' from command line to 'None'
[0.322s] Level 5:colcon.colcon_core.verb:set package 'user_gui' build argument 'cmake_target_skip_unavailable' from command line to 'False'
[0.322s] Level 5:colcon.colcon_core.verb:set package 'user_gui' build argument 'cmake_clean_cache' from command line to 'False'
[0.322s] Level 5:colcon.colcon_core.verb:set package 'user_gui' build argument 'cmake_clean_first' from command line to 'False'
[0.322s] Level 5:colcon.colcon_core.verb:set package 'user_gui' build argument 'cmake_force_configure' from command line to 'False'
[0.322s] Level 5:colcon.colcon_core.verb:set package 'user_gui' build argument 'ament_cmake_args' from command line to 'None'
[0.322s] Level 5:colcon.colcon_core.verb:set package 'user_gui' build argument 'catkin_cmake_args' from command line to 'None'
[0.322s] Level 5:colcon.colcon_core.verb:set package 'user_gui' build argument 'catkin_skip_building_tests' from command line to 'False'
[0.322s] DEBUG:colcon.colcon_core.verb:Building package 'user_gui' with the following arguments: {'ament_cmake_args': None, 'build_base': '/home/rokey/3_ws/src/build/user_gui', 'catkin_cmake_args': None, 'catkin_skip_building_tests': False, 'cmake_args': None, 'cmake_clean_cache': False, 'cmake_clean_first': False, 'cmake_force_configure': False, 'cmake_target': None, 'cmake_target_skip_unavailable': False, 'install_base': '/home/rokey/3_ws/src/install/user_gui', 'merge_install': False, 'path': '/home/rokey/3_ws/src/user_gui', 'symlink_install': False, 'test_result_base': None}
[0.322s] INFO:colcon.colcon_core.executor:Executing jobs using 'parallel' executor
[0.323s] DEBUG:colcon.colcon_parallel_executor.executor.parallel:run_until_complete
[0.323s] INFO:colcon.colcon_ros.task.ament_python.build:Building ROS package in '/home/rokey/3_ws/src/image_publisher' with build type 'ament_python'
[0.324s] Level 1:colcon.colcon_core.shell:create_environment_hook('image_publisher', 'ament_prefix_path')
[0.325s] INFO:colcon.colcon_core.plugin_system:Skipping extension 'colcon_core.shell.bat': Not used on non-Windows systems
[0.326s] INFO:colcon.colcon_core.shell:Creating environment hook '/home/rokey/3_ws/src/install/image_publisher/share/image_publisher/hook/ament_prefix_path.ps1'
[0.326s] INFO:colcon.colcon_core.shell:Creating environment descriptor '/home/rokey/3_ws/src/install/image_publisher/share/image_publisher/hook/ament_prefix_path.dsv'
[0.327s] INFO:colcon.colcon_core.shell:Creating environment hook '/home/rokey/3_ws/src/install/image_publisher/share/image_publisher/hook/ament_prefix_path.sh'
[0.327s] INFO:colcon.colcon_core.shell:Skip shell extension 'powershell' for command environment: Not usable outside of PowerShell
[0.327s] DEBUG:colcon.colcon_core.shell:Skip shell extension 'dsv' for command environment
[0.331s] INFO:colcon.colcon_ros.task.ament_python.build:Building ROS package in '/home/rokey/3_ws/src/order_belt_listener' with build type 'ament_python'
[0.331s] Level 1:colcon.colcon_core.shell:create_environment_hook('order_belt_listener', 'ament_prefix_path')
[0.331s] INFO:colcon.colcon_core.shell:Creating environment hook '/home/rokey/3_ws/src/install/order_belt_listener/share/order_belt_listener/hook/ament_prefix_path.ps1'
[0.331s] INFO:colcon.colcon_core.shell:Creating environment descriptor '/home/rokey/3_ws/src/install/order_belt_listener/share/order_belt_listener/hook/ament_prefix_path.dsv'
[0.332s] INFO:colcon.colcon_core.shell:Creating environment hook '/home/rokey/3_ws/src/install/order_belt_listener/share/order_belt_listener/hook/ament_prefix_path.sh'
[0.332s] INFO:colcon.colcon_core.shell:Skip shell extension 'powershell' for command environment: Not usable outside of PowerShell
[0.332s] DEBUG:colcon.colcon_core.shell:Skip shell extension 'dsv' for command environment
[0.336s] INFO:colcon.colcon_ros.task.ament_python.build:Building ROS package in '/home/rokey/3_ws/src/order_listener' with build type 'ament_python'
[0.336s] Level 1:colcon.colcon_core.shell:create_environment_hook('order_listener', 'ament_prefix_path')
[0.336s] INFO:colcon.colcon_core.shell:Creating environment hook '/home/rokey/3_ws/src/install/order_listener/share/order_listener/hook/ament_prefix_path.ps1'
[0.336s] INFO:colcon.colcon_core.shell:Creating environment descriptor '/home/rokey/3_ws/src/install/order_listener/share/order_listener/hook/ament_prefix_path.dsv'
[0.337s] INFO:colcon.colcon_core.shell:Creating environment hook '/home/rokey/3_ws/src/install/order_listener/share/order_listener/hook/ament_prefix_path.sh'
[0.337s] INFO:colcon.colcon_core.shell:Skip shell extension 'powershell' for command environment: Not usable outside of PowerShell
[0.337s] DEBUG:colcon.colcon_core.shell:Skip shell extension 'dsv' for command environment
[0.341s] INFO:colcon.colcon_ros.task.ament_python.build:Building ROS package in '/home/rokey/3_ws/src/pyqt_login' with build type 'ament_python'
[0.341s] Level 1:colcon.colcon_core.shell:create_environment_hook('pyqt_login', 'ament_prefix_path')
[0.341s] INFO:colcon.colcon_core.shell:Creating environment hook '/home/rokey/3_ws/src/install/pyqt_login/share/pyqt_login/hook/ament_prefix_path.ps1'
[0.342s] INFO:colcon.colcon_core.shell:Creating environment descriptor '/home/rokey/3_ws/src/install/pyqt_login/share/pyqt_login/hook/ament_prefix_path.dsv'
[0.342s] INFO:colcon.colcon_core.shell:Creating environment hook '/home/rokey/3_ws/src/install/pyqt_login/share/pyqt_login/hook/ament_prefix_path.sh'
[0.342s] INFO:colcon.colcon_core.shell:Skip shell extension 'powershell' for command environment: Not usable outside of PowerShell
[0.343s] DEBUG:colcon.colcon_core.shell:Skip shell extension 'dsv' for command environment
[0.346s] INFO:colcon.colcon_ros.task.ament_python.build:Building ROS package in '/home/rokey/3_ws/src/state_publisher' with build type 'ament_python'
[0.346s] Level 1:colcon.colcon_core.shell:create_environment_hook('state_publisher', 'ament_prefix_path')
[0.346s] INFO:colcon.colcon_core.shell:Creating environment hook '/home/rokey/3_ws/src/install/state_publisher/share/state_publisher/hook/ament_prefix_path.ps1'
[0.347s] INFO:colcon.colcon_core.shell:Creating environment descriptor '/home/rokey/3_ws/src/install/state_publisher/share/state_publisher/hook/ament_prefix_path.dsv'
[0.347s] INFO:colcon.colcon_core.shell:Creating environment hook '/home/rokey/3_ws/src/install/state_publisher/share/state_publisher/hook/ament_prefix_path.sh'
[0.348s] INFO:colcon.colcon_core.shell:Skip shell extension 'powershell' for command environment: Not usable outside of PowerShell
[0.348s] DEBUG:colcon.colcon_core.shell:Skip shell extension 'dsv' for command environment
[0.352s] INFO:colcon.colcon_ros.task.ament_python.build:Building ROS package in '/home/rokey/3_ws/src/user_gui' with build type 'ament_python'
[0.353s] Level 1:colcon.colcon_core.shell:create_environment_hook('user_gui', 'ament_prefix_path')
[0.353s] INFO:colcon.colcon_core.shell:Creating environment hook '/home/rokey/3_ws/src/install/user_gui/share/user_gui/hook/ament_prefix_path.ps1'
[0.353s] INFO:colcon.colcon_core.shell:Creating environment descriptor '/home/rokey/3_ws/src/install/user_gui/share/user_gui/hook/ament_prefix_path.dsv'
[0.354s] INFO:colcon.colcon_core.shell:Creating environment hook '/home/rokey/3_ws/src/install/user_gui/share/user_gui/hook/ament_prefix_path.sh'
[0.354s] INFO:colcon.colcon_core.shell:Skip shell extension 'powershell' for command environment: Not usable outside of PowerShell
[0.354s] DEBUG:colcon.colcon_core.shell:Skip shell extension 'dsv' for command environment
[0.589s] WARNING:colcon.colcon_ros.task.ament_python.build:Package 'image_publisher' doesn't explicitly install a marker in the package index (colcon-ros currently does it implicitly but that fallback will be removed in the future)
[0.589s] INFO:colcon.colcon_core.task.python.build:Building Python package in '/home/rokey/3_ws/src/image_publisher'
[0.589s] INFO:colcon.colcon_core.shell:Skip shell extension 'powershell' for command environment: Not usable outside of PowerShell
[0.589s] DEBUG:colcon.colcon_core.shell:Skip shell extension 'dsv' for command environment
[0.836s] INFO:colcon.colcon_core.task.python.build:Building Python package in '/home/rokey/3_ws/src/order_belt_listener'
[0.836s] INFO:colcon.colcon_core.shell:Skip shell extension 'powershell' for command environment: Not usable outside of PowerShell
[0.836s] DEBUG:colcon.colcon_core.shell:Skip shell extension 'dsv' for command environment
[1.057s] INFO:colcon.colcon_core.task.python.build:Building Python package in '/home/rokey/3_ws/src/order_listener'
[1.058s] INFO:colcon.colcon_core.shell:Skip shell extension 'powershell' for command environment: Not usable outside of PowerShell
[1.058s] DEBUG:colcon.colcon_core.shell:Skip shell extension 'dsv' for command environment
[1.283s] INFO:colcon.colcon_core.task.python.build:Building Python package in '/home/rokey/3_ws/src/pyqt_login'
[1.283s] INFO:colcon.colcon_core.shell:Skip shell extension 'powershell' for command environment: Not usable outside of PowerShell
[1.283s] DEBUG:colcon.colcon_core.shell:Skip shell extension 'dsv' for command environment
[1.509s] INFO:colcon.colcon_core.task.python.build:Building Python package in '/home/rokey/3_ws/src/state_publisher'
[1.510s] INFO:colcon.colcon_core.shell:Skip shell extension 'powershell' for command environment: Not usable outside of PowerShell
[1.510s] DEBUG:colcon.colcon_core.shell:Skip shell extension 'dsv' for command environment
[1.733s] WARNING:colcon.colcon_ros.task.ament_python.build:Package 'user_gui' doesn't explicitly install a marker in the package index (colcon-ros currently does it implicitly but that fallback will be removed in the future)
[1.733s] INFO:colcon.colcon_core.task.python.build:Building Python package in '/home/rokey/3_ws/src/user_gui'
[1.733s] INFO:colcon.colcon_core.shell:Skip shell extension 'powershell' for command environment: Not usable outside of PowerShell
[1.733s] DEBUG:colcon.colcon_core.shell:Skip shell extension 'dsv' for command environment
[2.072s] DEBUG:colcon.colcon_core.event_handler.log_command:Invoking command in '/home/rokey/3_ws/src/pyqt_login': PYTHONPATH=/home/rokey/3_ws/src/build/pyqt_login/prefix_override:/usr/lib/python3/dist-packages/colcon_core/task/python/colcon_distutils_commands:/home/rokey/3_ws/src/install/pyqt_login/lib/python3.10/site-packages:${PYTHONPATH} /usr/bin/python3 -W ignore:setup.py install is deprecated setup.py egg_info --egg-base ../build/pyqt_login build --build-base /home/rokey/3_ws/src/build/pyqt_login/build install --record /home/rokey/3_ws/src/build/pyqt_login/install.log --single-version-externally-managed install_data
[2.077s] DEBUG:colcon.colcon_core.event_handler.log_command:Invoking command in '/home/rokey/3_ws/src/image_publisher': PYTHONPATH=/home/rokey/3_ws/src/build/image_publisher/prefix_override:/usr/lib/python3/dist-packages/colcon_core/task/python/colcon_distutils_commands:/home/rokey/3_ws/src/install/image_publisher/lib/python3.10/site-packages:${PYTHONPATH} /usr/bin/python3 -W ignore:setup.py install is deprecated setup.py egg_info --egg-base ../build/image_publisher build --build-base /home/rokey/3_ws/src/build/image_publisher/build install --record /home/rokey/3_ws/src/build/image_publisher/install.log --single-version-externally-managed install_data
[2.279s] DEBUG:colcon.colcon_core.event_handler.log_command:Invoking command in '/home/rokey/3_ws/src/order_belt_listener': PYTHONPATH=/home/rokey/3_ws/src/build/order_belt_listener/prefix_override:/usr/lib/python3/dist-packages/colcon_core/task/python/colcon_distutils_commands:/home/rokey/3_ws/src/install/order_belt_listener/lib/python3.10/site-packages:${PYTHONPATH} /usr/bin/python3 -W ignore:setup.py install is deprecated setup.py egg_info --egg-base ../build/order_belt_listener build --build-base /home/rokey/3_ws/src/build/order_belt_listener/build install --record /home/rokey/3_ws/src/build/order_belt_listener/install.log --single-version-externally-managed install_data
[2.284s] DEBUG:colcon.colcon_core.event_handler.log_command:Invoking command in '/home/rokey/3_ws/src/order_listener': PYTHONPATH=/home/rokey/3_ws/src/build/order_listener/prefix_override:/usr/lib/python3/dist-packages/colcon_core/task/python/colcon_distutils_commands:/home/rokey/3_ws/src/install/order_listener/lib/python3.10/site-packages:${PYTHONPATH} /usr/bin/python3 -W ignore:setup.py install is deprecated setup.py egg_info --egg-base ../build/order_listener build --build-base /home/rokey/3_ws/src/build/order_listener/build install --record /home/rokey/3_ws/src/build/order_listener/install.log --single-version-externally-managed install_data
[2.287s] DEBUG:colcon.colcon_core.event_handler.log_command:Invoking command in '/home/rokey/3_ws/src/state_publisher': PYTHONPATH=/home/rokey/3_ws/src/build/state_publisher/prefix_override:/usr/lib/python3/dist-packages/colcon_core/task/python/colcon_distutils_commands:/home/rokey/3_ws/src/install/state_publisher/lib/python3.10/site-packages:${PYTHONPATH} /usr/bin/python3 -W ignore:setup.py install is deprecated setup.py egg_info --egg-base ../build/state_publisher build --build-base /home/rokey/3_ws/src/build/state_publisher/build install --record /home/rokey/3_ws/src/build/state_publisher/install.log --single-version-externally-managed install_data
[2.292s] DEBUG:colcon.colcon_core.event_handler.log_command:Invoking command in '/home/rokey/3_ws/src/user_gui': PYTHONPATH=/home/rokey/3_ws/src/build/user_gui/prefix_override:/usr/lib/python3/dist-packages/colcon_core/task/python/colcon_distutils_commands:/home/rokey/3_ws/src/install/user_gui/lib/python3.10/site-packages:${PYTHONPATH} /usr/bin/python3 -W ignore:setup.py install is deprecated setup.py egg_info --egg-base ../build/user_gui build --build-base /home/rokey/3_ws/src/build/user_gui/build install --record /home/rokey/3_ws/src/build/user_gui/install.log --single-version-externally-managed install_data
[2.401s] DEBUG:colcon.colcon_core.event_handler.log_command:Invoked command in '/home/rokey/3_ws/src/pyqt_login' returned '0': PYTHONPATH=/home/rokey/3_ws/src/build/pyqt_login/prefix_override:/usr/lib/python3/dist-packages/colcon_core/task/python/colcon_distutils_commands:/home/rokey/3_ws/src/install/pyqt_login/lib/python3.10/site-packages:${PYTHONPATH} /usr/bin/python3 -W ignore:setup.py install is deprecated setup.py egg_info --egg-base ../build/pyqt_login build --build-base /home/rokey/3_ws/src/build/pyqt_login/build install --record /home/rokey/3_ws/src/build/pyqt_login/install.log --single-version-externally-managed install_data
[2.404s] Level 1:colcon.colcon_core.environment:checking '/home/rokey/3_ws/src/install/pyqt_login' for CMake module files
[2.405s] Level 1:colcon.colcon_core.environment:checking '/home/rokey/3_ws/src/install/pyqt_login' for CMake config files
[2.406s] Level 1:colcon.colcon_core.environment:checking '/home/rokey/3_ws/src/install/pyqt_login/lib'
[2.407s] Level 1:colcon.colcon_core.environment:checking '/home/rokey/3_ws/src/install/pyqt_login/bin'
[2.407s] Level 1:colcon.colcon_core.environment:checking '/home/rokey/3_ws/src/install/pyqt_login/lib/pkgconfig/pyqt_login.pc'
[2.407s] Level 1:colcon.colcon_core.environment:checking '/home/rokey/3_ws/src/install/pyqt_login/lib/python3.10/site-packages'
[2.407s] Level 1:colcon.colcon_core.shell:create_environment_hook('pyqt_login', 'pythonpath')
[2.408s] INFO:colcon.colcon_core.shell:Creating environment hook '/home/rokey/3_ws/src/install/pyqt_login/share/pyqt_login/hook/pythonpath.ps1'
[2.408s] INFO:colcon.colcon_core.shell:Creating environment descriptor '/home/rokey/3_ws/src/install/pyqt_login/share/pyqt_login/hook/pythonpath.dsv'
[2.409s] INFO:colcon.colcon_core.shell:Creating environment hook '/home/rokey/3_ws/src/install/pyqt_login/share/pyqt_login/hook/pythonpath.sh'
[2.410s] Level 1:colcon.colcon_core.environment:checking '/home/rokey/3_ws/src/install/pyqt_login/bin'
[2.410s] Level 1:colcon.colcon_core.environment:create_environment_scripts_only(pyqt_login)
[2.410s] INFO:colcon.colcon_core.shell:Creating package script '/home/rokey/3_ws/src/install/pyqt_login/share/pyqt_login/package.ps1'
[2.412s] INFO:colcon.colcon_core.shell:Creating package descriptor '/home/rokey/3_ws/src/install/pyqt_login/share/pyqt_login/package.dsv'
[2.413s] INFO:colcon.colcon_core.shell:Creating package script '/home/rokey/3_ws/src/install/pyqt_login/share/pyqt_login/package.sh'
[2.414s] INFO:colcon.colcon_core.shell:Creating package script '/home/rokey/3_ws/src/install/pyqt_login/share/pyqt_login/package.bash'
[2.415s] INFO:colcon.colcon_core.shell:Creating package script '/home/rokey/3_ws/src/install/pyqt_login/share/pyqt_login/package.zsh'
[2.416s] Level 1:colcon.colcon_core.environment:create_file_with_runtime_dependencies(/home/rokey/3_ws/src/install/pyqt_login/share/colcon-core/packages/pyqt_login)
[2.422s] Level 1:colcon.colcon_core.environment:checking '/home/rokey/3_ws/src/install/image_publisher' for CMake module files
[2.423s] DEBUG:colcon.colcon_core.event_handler.log_command:Invoked command in '/home/rokey/3_ws/src/image_publisher' returned '0': PYTHONPATH=/home/rokey/3_ws/src/build/image_publisher/prefix_override:/usr/lib/python3/dist-packages/colcon_core/task/python/colcon_distutils_commands:/home/rokey/3_ws/src/install/image_publisher/lib/python3.10/site-packages:${PYTHONPATH} /usr/bin/python3 -W ignore:setup.py install is deprecated setup.py egg_info --egg-base ../build/image_publisher build --build-base /home/rokey/3_ws/src/build/image_publisher/build install --record /home/rokey/3_ws/src/build/image_publisher/install.log --single-version-externally-managed install_data
[2.423s] Level 1:colcon.colcon_core.environment:checking '/home/rokey/3_ws/src/install/image_publisher' for CMake config files
[2.424s] Level 1:colcon.colcon_core.environment:checking '/home/rokey/3_ws/src/install/image_publisher/lib'
[2.424s] Level 1:colcon.colcon_core.environment:checking '/home/rokey/3_ws/src/install/image_publisher/bin'
[2.424s] Level 1:colcon.colcon_core.environment:checking '/home/rokey/3_ws/src/install/image_publisher/lib/pkgconfig/image_publisher.pc'
[2.425s] Level 1:colcon.colcon_core.environment:checking '/home/rokey/3_ws/src/install/image_publisher/lib/python3.10/site-packages'
[2.425s] Level 1:colcon.colcon_core.shell:create_environment_hook('image_publisher', 'pythonpath')
[2.425s] INFO:colcon.colcon_core.shell:Creating environment hook '/home/rokey/3_ws/src/install/image_publisher/share/image_publisher/hook/pythonpath.ps1'
[2.426s] INFO:colcon.colcon_core.shell:Creating environment descriptor '/home/rokey/3_ws/src/install/image_publisher/share/image_publisher/hook/pythonpath.dsv'
[2.426s] INFO:colcon.colcon_core.shell:Creating environment hook '/home/rokey/3_ws/src/install/image_publisher/share/image_publisher/hook/pythonpath.sh'
[2.427s] Level 1:colcon.colcon_core.environment:checking '/home/rokey/3_ws/src/install/image_publisher/bin'
[2.427s] Level 1:colcon.colcon_core.environment:create_environment_scripts_only(image_publisher)
[2.428s] INFO:colcon.colcon_core.shell:Creating package script '/home/rokey/3_ws/src/install/image_publisher/share/image_publisher/package.ps1'
[2.429s] INFO:colcon.colcon_core.shell:Creating package descriptor '/home/rokey/3_ws/src/install/image_publisher/share/image_publisher/package.dsv'
[2.429s] INFO:colcon.colcon_core.shell:Creating package script '/home/rokey/3_ws/src/install/image_publisher/share/image_publisher/package.sh'
[2.430s] INFO:colcon.colcon_core.shell:Creating package script '/home/rokey/3_ws/src/install/image_publisher/share/image_publisher/package.bash'
[2.430s] INFO:colcon.colcon_core.shell:Creating package script '/home/rokey/3_ws/src/install/image_publisher/share/image_publisher/package.zsh'
[2.430s] Level 1:colcon.colcon_core.environment:create_file_with_runtime_dependencies(/home/rokey/3_ws/src/install/image_publisher/share/colcon-core/packages/image_publisher)
[2.605s] Level 1:colcon.colcon_core.environment:checking '/home/rokey/3_ws/src/install/order_belt_listener' for CMake module files
[2.606s] DEBUG:colcon.colcon_core.event_handler.log_command:Invoked command in '/home/rokey/3_ws/src/order_belt_listener' returned '0': PYTHONPATH=/home/rokey/3_ws/src/build/order_belt_listener/prefix_override:/usr/lib/python3/dist-packages/colcon_core/task/python/colcon_distutils_commands:/home/rokey/3_ws/src/install/order_belt_listener/lib/python3.10/site-packages:${PYTHONPATH} /usr/bin/python3 -W ignore:setup.py install is deprecated setup.py egg_info --egg-base ../build/order_belt_listener build --build-base /home/rokey/3_ws/src/build/order_belt_listener/build install --record /home/rokey/3_ws/src/build/order_belt_listener/install.log --single-version-externally-managed install_data
[2.606s] Level 1:colcon.colcon_core.environment:checking '/home/rokey/3_ws/src/install/order_belt_listener' for CMake config files
[2.607s] Level 1:colcon.colcon_core.environment:checking '/home/rokey/3_ws/src/install/order_belt_listener/lib'
[2.607s] Level 1:colcon.colcon_core.environment:checking '/home/rokey/3_ws/src/install/order_belt_listener/bin'
[2.607s] Level 1:colcon.colcon_core.environment:checking '/home/rokey/3_ws/src/install/order_belt_listener/lib/pkgconfig/order_belt_listener.pc'
[2.608s] Level 1:colcon.colcon_core.environment:checking '/home/rokey/3_ws/src/install/order_belt_listener/lib/python3.10/site-packages'
[2.608s] Level 1:colcon.colcon_core.shell:create_environment_hook('order_belt_listener', 'pythonpath')
[2.608s] INFO:colcon.colcon_core.shell:Creating environment hook '/home/rokey/3_ws/src/install/order_belt_listener/share/order_belt_listener/hook/pythonpath.ps1'
[2.609s] INFO:colcon.colcon_core.shell:Creating environment descriptor '/home/rokey/3_ws/src/install/order_belt_listener/share/order_belt_listener/hook/pythonpath.dsv'
[2.610s] INFO:colcon.colcon_core.shell:Creating environment hook '/home/rokey/3_ws/src/install/order_belt_listener/share/order_belt_listener/hook/pythonpath.sh'
[2.611s] Level 1:colcon.colcon_core.environment:checking '/home/rokey/3_ws/src/install/order_belt_listener/bin'
[2.611s] Level 1:colcon.colcon_core.environment:create_environment_scripts_only(order_belt_listener)
[2.611s] INFO:colcon.colcon_core.shell:Creating package script '/home/rokey/3_ws/src/install/order_belt_listener/share/order_belt_listener/package.ps1'
[2.612s] INFO:colcon.colcon_core.shell:Creating package descriptor '/home/rokey/3_ws/src/install/order_belt_listener/share/order_belt_listener/package.dsv'
[2.613s] INFO:colcon.colcon_core.shell:Creating package script '/home/rokey/3_ws/src/install/order_belt_listener/share/order_belt_listener/package.sh'
[2.614s] INFO:colcon.colcon_core.shell:Creating package script '/home/rokey/3_ws/src/install/order_belt_listener/share/order_belt_listener/package.bash'
[2.615s] INFO:colcon.colcon_core.shell:Creating package script '/home/rokey/3_ws/src/install/order_belt_listener/share/order_belt_listener/package.zsh'
[2.616s] Level 1:colcon.colcon_core.environment:create_file_with_runtime_dependencies(/home/rokey/3_ws/src/install/order_belt_listener/share/colcon-core/packages/order_belt_listener)
[2.639s] Level 1:colcon.colcon_core.environment:checking '/home/rokey/3_ws/src/install/state_publisher' for CMake module files
[2.640s] DEBUG:colcon.colcon_core.event_handler.log_command:Invoked command in '/home/rokey/3_ws/src/state_publisher' returned '0': PYTHONPATH=/home/rokey/3_ws/src/build/state_publisher/prefix_override:/usr/lib/python3/dist-packages/colcon_core/task/python/colcon_distutils_commands:/home/rokey/3_ws/src/install/state_publisher/lib/python3.10/site-packages:${PYTHONPATH} /usr/bin/python3 -W ignore:setup.py install is deprecated setup.py egg_info --egg-base ../build/state_publisher build --build-base /home/rokey/3_ws/src/build/state_publisher/build install --record /home/rokey/3_ws/src/build/state_publisher/install.log --single-version-externally-managed install_data
[2.641s] Level 1:colcon.colcon_core.environment:checking '/home/rokey/3_ws/src/install/state_publisher' for CMake config files
[2.641s] Level 1:colcon.colcon_core.environment:checking '/home/rokey/3_ws/src/install/state_publisher/lib'
[2.641s] Level 1:colcon.colcon_core.environment:checking '/home/rokey/3_ws/src/install/state_publisher/bin'
[2.642s] Level 1:colcon.colcon_core.environment:checking '/home/rokey/3_ws/src/install/state_publisher/lib/pkgconfig/state_publisher.pc'
[2.642s] Level 1:colcon.colcon_core.environment:checking '/home/rokey/3_ws/src/install/state_publisher/lib/python3.10/site-packages'
[2.642s] Level 1:colcon.colcon_core.shell:create_environment_hook('state_publisher', 'pythonpath')
[2.642s] INFO:colcon.colcon_core.shell:Creating environment hook '/home/rokey/3_ws/src/install/state_publisher/share/state_publisher/hook/pythonpath.ps1'
[2.643s] INFO:colcon.colcon_core.shell:Creating environment descriptor '/home/rokey/3_ws/src/install/state_publisher/share/state_publisher/hook/pythonpath.dsv'
[2.644s] INFO:colcon.colcon_core.shell:Creating environment hook '/home/rokey/3_ws/src/install/state_publisher/share/state_publisher/hook/pythonpath.sh'
[2.645s] Level 1:colcon.colcon_core.environment:checking '/home/rokey/3_ws/src/install/state_publisher/bin'
[2.645s] Level 1:colcon.colcon_core.environment:create_environment_scripts_only(state_publisher)
[2.645s] INFO:colcon.colcon_core.shell:Creating package script '/home/rokey/3_ws/src/install/state_publisher/share/state_publisher/package.ps1'
[2.646s] INFO:colcon.colcon_core.shell:Creating package descriptor '/home/rokey/3_ws/src/install/state_publisher/share/state_publisher/package.dsv'
[2.647s] INFO:colcon.colcon_core.shell:Creating package script '/home/rokey/3_ws/src/install/state_publisher/share/state_publisher/package.sh'
[2.647s] INFO:colcon.colcon_core.shell:Creating package script '/home/rokey/3_ws/src/install/state_publisher/share/state_publisher/package.bash'
[2.648s] INFO:colcon.colcon_core.shell:Creating package script '/home/rokey/3_ws/src/install/state_publisher/share/state_publisher/package.zsh'
[2.648s] Level 1:colcon.colcon_core.environment:create_file_with_runtime_dependencies(/home/rokey/3_ws/src/install/state_publisher/share/colcon-core/packages/state_publisher)
[2.665s] Level 1:colcon.colcon_core.environment:checking '/home/rokey/3_ws/src/install/order_listener' for CMake module files
[2.666s] DEBUG:colcon.colcon_core.event_handler.log_command:Invoked command in '/home/rokey/3_ws/src/order_listener' returned '0': PYTHONPATH=/home/rokey/3_ws/src/build/order_listener/prefix_override:/usr/lib/python3/dist-packages/colcon_core/task/python/colcon_distutils_commands:/home/rokey/3_ws/src/install/order_listener/lib/python3.10/site-packages:${PYTHONPATH} /usr/bin/python3 -W ignore:setup.py install is deprecated setup.py egg_info --egg-base ../build/order_listener build --build-base /home/rokey/3_ws/src/build/order_listener/build install --record /home/rokey/3_ws/src/build/order_listener/install.log --single-version-externally-managed install_data
[2.666s] Level 1:colcon.colcon_core.environment:checking '/home/rokey/3_ws/src/install/order_listener' for CMake config files
[2.667s] Level 1:colcon.colcon_core.environment:checking '/home/rokey/3_ws/src/install/order_listener/lib'
[2.667s] Level 1:colcon.colcon_core.environment:checking '/home/rokey/3_ws/src/install/order_listener/bin'
[2.667s] Level 1:colcon.colcon_core.environment:checking '/home/rokey/3_ws/src/install/order_listener/lib/pkgconfig/order_listener.pc'
[2.667s] Level 1:colcon.colcon_core.environment:checking '/home/rokey/3_ws/src/install/order_listener/lib/python3.10/site-packages'
[2.667s] Level 1:colcon.colcon_core.shell:create_environment_hook('order_listener', 'pythonpath')
[2.668s] INFO:colcon.colcon_core.shell:Creating environment hook '/home/rokey/3_ws/src/install/order_listener/share/order_listener/hook/pythonpath.ps1'
[2.668s] INFO:colcon.colcon_core.shell:Creating environment descriptor '/home/rokey/3_ws/src/install/order_listener/share/order_listener/hook/pythonpath.dsv'
[2.669s] INFO:colcon.colcon_core.shell:Creating environment hook '/home/rokey/3_ws/src/install/order_listener/share/order_listener/hook/pythonpath.sh'
[2.670s] Level 1:colcon.colcon_core.environment:checking '/home/rokey/3_ws/src/install/order_listener/bin'
[2.670s] Level 1:colcon.colcon_core.environment:create_environment_scripts_only(order_listener)
[2.670s] INFO:colcon.colcon_core.shell:Creating package script '/home/rokey/3_ws/src/install/order_listener/share/order_listener/package.ps1'
[2.671s] INFO:colcon.colcon_core.shell:Creating package descriptor '/home/rokey/3_ws/src/install/order_listener/share/order_listener/package.dsv'
[2.672s] INFO:colcon.colcon_core.shell:Creating package script '/home/rokey/3_ws/src/install/order_listener/share/order_listener/package.sh'
[2.672s] INFO:colcon.colcon_core.shell:Creating package script '/home/rokey/3_ws/src/install/order_listener/share/order_listener/package.bash'
[2.673s] INFO:colcon.colcon_core.shell:Creating package script '/home/rokey/3_ws/src/install/order_listener/share/order_listener/package.zsh'
[2.673s] Level 1:colcon.colcon_core.environment:create_file_with_runtime_dependencies(/home/rokey/3_ws/src/install/order_listener/share/colcon-core/packages/order_listener)
[2.680s] Level 1:colcon.colcon_core.environment:checking '/home/rokey/3_ws/src/install/user_gui' for CMake module files
[2.680s] DEBUG:colcon.colcon_core.event_handler.log_command:Invoked command in '/home/rokey/3_ws/src/user_gui' returned '0': PYTHONPATH=/home/rokey/3_ws/src/build/user_gui/prefix_override:/usr/lib/python3/dist-packages/colcon_core/task/python/colcon_distutils_commands:/home/rokey/3_ws/src/install/user_gui/lib/python3.10/site-packages:${PYTHONPATH} /usr/bin/python3 -W ignore:setup.py install is deprecated setup.py egg_info --egg-base ../build/user_gui build --build-base /home/rokey/3_ws/src/build/user_gui/build install --record /home/rokey/3_ws/src/build/user_gui/install.log --single-version-externally-managed install_data
[2.680s] Level 1:colcon.colcon_core.environment:checking '/home/rokey/3_ws/src/install/user_gui' for CMake config files
[2.681s] Level 1:colcon.colcon_core.environment:checking '/home/rokey/3_ws/src/install/user_gui/lib'
[2.681s] Level 1:colcon.colcon_core.environment:checking '/home/rokey/3_ws/src/install/user_gui/bin'
[2.681s] Level 1:colcon.colcon_core.environment:checking '/home/rokey/3_ws/src/install/user_gui/lib/pkgconfig/user_gui.pc'
[2.681s] Level 1:colcon.colcon_core.environment:checking '/home/rokey/3_ws/src/install/user_gui/lib/python3.10/site-packages'
[2.681s] Level 1:colcon.colcon_core.shell:create_environment_hook('user_gui', 'pythonpath')
[2.682s] INFO:colcon.colcon_core.shell:Creating environment hook '/home/rokey/3_ws/src/install/user_gui/share/user_gui/hook/pythonpath.ps1'
[2.682s] INFO:colcon.colcon_core.shell:Creating environment descriptor '/home/rokey/3_ws/src/install/user_gui/share/user_gui/hook/pythonpath.dsv'
[2.682s] INFO:colcon.colcon_core.shell:Creating environment hook '/home/rokey/3_ws/src/install/user_gui/share/user_gui/hook/pythonpath.sh'
[2.683s] Level 1:colcon.colcon_core.environment:checking '/home/rokey/3_ws/src/install/user_gui/bin'
[2.683s] Level 1:colcon.colcon_core.environment:create_environment_scripts_only(user_gui)
[2.683s] INFO:colcon.colcon_core.shell:Creating package script '/home/rokey/3_ws/src/install/user_gui/share/user_gui/package.ps1'
[2.684s] INFO:colcon.colcon_core.shell:Creating package descriptor '/home/rokey/3_ws/src/install/user_gui/share/user_gui/package.dsv'
[2.684s] INFO:colcon.colcon_core.shell:Creating package script '/home/rokey/3_ws/src/install/user_gui/share/user_gui/package.sh'
[2.685s] INFO:colcon.colcon_core.shell:Creating package script '/home/rokey/3_ws/src/install/user_gui/share/user_gui/package.bash'
[2.685s] INFO:colcon.colcon_core.shell:Creating package script '/home/rokey/3_ws/src/install/user_gui/share/user_gui/package.zsh'
[2.685s] Level 1:colcon.colcon_core.environment:create_file_with_runtime_dependencies(/home/rokey/3_ws/src/install/user_gui/share/colcon-core/packages/user_gui)
[2.686s] DEBUG:colcon.colcon_parallel_executor.executor.parallel:closing loop
[2.686s] DEBUG:colcon.colcon_parallel_executor.executor.parallel:loop closed
[2.686s] DEBUG:colcon.colcon_parallel_executor.executor.parallel:run_until_complete finished with '0'
[2.686s] DEBUG:colcon.colcon_core.event_reactor:joining thread
[2.691s] INFO:colcon.colcon_core.plugin_system:Skipping extension 'colcon_notification.desktop_notification.terminal_notifier': Not used on non-Darwin systems
[2.691s] INFO:colcon.colcon_core.plugin_system:Skipping extension 'colcon_notification.desktop_notification.win32': Not used on non-Windows systems
[2.691s] INFO:colcon.colcon_notification.desktop_notification:Sending desktop notification using 'notify2'
[2.702s] DEBUG:colcon.colcon_core.event_reactor:joined thread
[2.703s] INFO:colcon.colcon_core.shell:Creating prefix script '/home/rokey/3_ws/src/install/local_setup.ps1'
[2.704s] INFO:colcon.colcon_core.shell:Creating prefix util module '/home/rokey/3_ws/src/install/_local_setup_util_ps1.py'
[2.705s] INFO:colcon.colcon_core.shell:Creating prefix chain script '/home/rokey/3_ws/src/install/setup.ps1'
[2.707s] INFO:colcon.colcon_core.shell:Creating prefix script '/home/rokey/3_ws/src/install/local_setup.sh'
[2.707s] INFO:colcon.colcon_core.shell:Creating prefix util module '/home/rokey/3_ws/src/install/_local_setup_util_sh.py'
[2.708s] INFO:colcon.colcon_core.shell:Creating prefix chain script '/home/rokey/3_ws/src/install/setup.sh'
[2.709s] INFO:colcon.colcon_core.shell:Creating prefix script '/home/rokey/3_ws/src/install/local_setup.bash'
[2.710s] INFO:colcon.colcon_core.shell:Creating prefix chain script '/home/rokey/3_ws/src/install/setup.bash'
[2.711s] INFO:colcon.colcon_core.shell:Creating prefix script '/home/rokey/3_ws/src/install/local_setup.zsh'
[2.712s] INFO:colcon.colcon_core.shell:Creating prefix chain script '/home/rokey/3_ws/src/install/setup.zsh'
