[1.971s] Invoking command in '/home/rokey/3_ws/src/image_publisher': PYTHONPATH=/home/rokey/3_ws/src/build/image_publisher/prefix_override:/usr/lib/python3/dist-packages/colcon_core/task/python/colcon_distutils_commands:/home/rokey/3_ws/src/install/image_publisher/lib/python3.10/site-packages:${PYTHONPATH} /usr/bin/python3 -W ignore:setup.py install is deprecated setup.py egg_info --egg-base ../build/image_publisher build --build-base /home/rokey/3_ws/src/build/image_publisher/build install --record /home/rokey/3_ws/src/build/image_publisher/install.log --single-version-externally-managed install_data
[2.287s] running egg_info
[2.288s] writing ../build/image_publisher/image_publisher.egg-info/PKG-INFO
[2.288s] writing dependency_links to ../build/image_publisher/image_publisher.egg-info/dependency_links.txt
[2.288s] writing entry points to ../build/image_publisher/image_publisher.egg-info/entry_points.txt
[2.288s] writing requirements to ../build/image_publisher/image_publisher.egg-info/requires.txt
[2.288s] writing top-level names to ../build/image_publisher/image_publisher.egg-info/top_level.txt
[2.291s] reading manifest file '../build/image_publisher/image_publisher.egg-info/SOURCES.txt'
[2.292s] writing manifest file '../build/image_publisher/image_publisher.egg-info/SOURCES.txt'
[2.292s] running build
[2.292s] running build_py
[2.293s] running install
[2.293s] running install_lib
[2.295s] running install_data
[2.295s] running install_egg_info
[2.298s] removing '/home/rokey/3_ws/src/install/image_publisher/lib/python3.10/site-packages/image_publisher-0.0.0-py3.10.egg-info' (and everything under it)
[2.298s] Copying ../build/image_publisher/image_publisher.egg-info to /home/rokey/3_ws/src/install/image_publisher/lib/python3.10/site-packages/image_publisher-0.0.0-py3.10.egg-info
[2.299s] running install_scripts
[2.326s] Installing image_publisher script to /home/rokey/3_ws/src/install/image_publisher/lib/image_publisher
[2.326s] writing list of installed files to '/home/rokey/3_ws/src/build/image_publisher/install.log'
[2.352s] Invoked command in '/home/rokey/3_ws/src/image_publisher' returned '0': PYTHONPATH=/home/rokey/3_ws/src/build/image_publisher/prefix_override:/usr/lib/python3/dist-packages/colcon_core/task/python/colcon_distutils_commands:/home/rokey/3_ws/src/install/image_publisher/lib/python3.10/site-packages:${PYTHONPATH} /usr/bin/python3 -W ignore:setup.py install is deprecated setup.py egg_info --egg-base ../build/image_publisher build --build-base /home/rokey/3_ws/src/build/image_publisher/build install --record /home/rokey/3_ws/src/build/image_publisher/install.log --single-version-externally-managed install_data
